2024-06-13 15:13:37,903 Starting bot
2024-06-13 15:13:41,747 Starting threads
2024-06-13 15:13:41,750 Starting main loop
2024-06-13 15:13:41,750 Game region: (0, 0, 1616, 939)
2024-06-13 15:13:46,086 Clicking ok button None
2024-06-13 15:13:47,742 Detected game mode/map 3 SAHA
2024-06-13 15:13:52,848 Detected game mode/map 3 SAHA
2024-06-13 15:13:54,875 Collecting chicks: 1 (366, 392)
2024-06-13 15:13:55,384 Collecting chicks: 1 (366, 392)
2024-06-13 15:13:55,842 Clicking ok button None
2024-06-13 15:13:55,859 Collecting chicks: 1 (366, 392)
2024-06-13 15:13:56,306 Collecting chicks: 1 (366, 392)
2024-06-13 15:13:56,763 Collecting chicks: 1 (366, 392)
2024-06-13 15:13:57,225 Collecting chicks: 1 (366, 392)
2024-06-13 15:13:57,685 Collecting chicks: 1 (365, 391)
2024-06-13 15:13:57,962 Detected game mode/map 3 SAHA
2024-06-13 15:13:58,148 Collecting chicks: 1 (366, 392)
2024-06-13 15:13:58,612 Collecting chicks: 1 (366, 392)
2024-06-13 15:13:59,478 Collecting chicks: 1 (366, 392)
2024-06-13 15:13:59,905 Collecting chicks: 1 (866, 333)
2024-06-13 15:14:00,673 Moving toward ally
2024-06-13 15:14:01,134 Moving toward ally
2024-06-13 15:14:01,587 Moving toward ally
2024-06-13 15:14:02,048 Moving toward ally
2024-06-13 15:14:02,528 Moving toward ally
2024-06-13 15:14:02,997 Attacking (14, 580) of distance 918.3599512173863 away
2024-06-13 15:14:03,047 Moving toward ally
2024-06-13 15:14:03,105 Attacking (29, 586) of distance 903.0448493845696 away
2024-06-13 15:14:03,191 Detected game mode/map None SAHA
2024-06-13 15:14:03,222 Attacking (29, 586) of distance 902.7214409772264 away
2024-06-13 15:14:03,338 Attacking (85, 598) of distance 849.8852863769321 away
2024-06-13 15:14:03,451 Attacking (116, 601) of distance 822.2469215509412 away
2024-06-13 15:14:03,557 Attacking (146, 602) of distance 798.0225560721954 away
2024-06-13 15:14:03,599 Moving toward ally
2024-06-13 15:14:03,664 Attacking (173, 601) of distance 770.2220459062439 away
2024-06-13 15:14:03,773 Attacking (211, 599) of distance 732.4022119027222 away
2024-06-13 15:14:03,884 Attacking (241, 596) of distance 701.8212023015549 away
2024-06-13 15:14:03,991 Attacking (279, 592) of distance 659.6400533624379 away
2024-06-13 15:14:04,159 Moving toward ally
2024-06-13 15:14:04,347 Attacking (385, 575) of distance 550.1563414157833 away
2024-06-13 15:14:04,597 Attacking (488, 562) of distance 462.6499756835615 away
2024-06-13 15:14:04,749 Moving toward ally
2024-06-13 15:14:04,831 Attacking (542, 556) of distance 417.16783193338387 away
2024-06-13 15:14:05,049 Attacking (589, 555) of distance 386.18259929727543 away
2024-06-13 15:14:05,259 Moving toward ally
2024-06-13 15:14:05,268 Attacking (602, 550) of distance 384.9064821485863 away
2024-06-13 15:14:05,468 Attacking (616, 531) of distance 369.08671067921154 away
2024-06-13 15:14:05,684 Attacking (621, 523) of distance 364.5600087777045 away
2024-06-13 15:14:05,844 Moving toward ally
2024-06-13 15:14:05,903 Attacking (597, 549) of distance 395.9494917284274 away
2024-06-13 15:14:06,117 Attacking (572, 595) of distance 438.8393783606937 away
2024-06-13 15:14:06,335 Attacking (554, 626) of distance 464.4868135910857 away
2024-06-13 15:14:06,477 Moving toward ally
2024-06-13 15:14:06,553 Attacking (516, 614) of distance 496.88328609443084 away
2024-06-13 15:14:06,772 Attacking (461, 599) of distance 536.0093282770367 away
2024-06-13 15:14:06,972 Moving toward ally
2024-06-13 15:14:06,992 Attacking (470, 606) of distance 531.2409999237634 away
2024-06-13 15:14:07,195 Attacking (480, 615) of distance 523.7881251040349 away
2024-06-13 15:14:07,397 Attacking (499, 617) of distance 489.3597858426865 away
2024-06-13 15:14:07,563 Moving toward ally
2024-06-13 15:14:07,613 Attacking (493, 629) of distance 484.2323822298546 away
2024-06-13 15:14:07,818 Attacking (469, 642) of distance 505.7519154684439 away
2024-06-13 15:14:08,038 Attacking (425, 648) of distance 568.9006943219529 away
2024-06-13 15:14:08,175 Moving toward ally
2024-06-13 15:14:08,255 Attacking (360, 657) of distance 645.7755027871528 away
2024-06-13 15:14:08,403 Clicking ok button None
2024-06-13 15:14:08,489 Attacking (290, 661) of distance 694.0583548953215 away
2024-06-13 15:14:08,691 Moving toward ally
2024-06-13 15:14:08,722 Attacking (257, 654) of distance 704.247825697744 away
2024-06-13 15:14:08,831 Attacking (245, 645) of distance 708.7630069353226 away
2024-06-13 15:14:08,940 Attacking (240, 640) of distance 710.2288363619151 away
2024-06-13 15:14:09,049 Attacking (232, 632) of distance 714.412345917958 away
2024-06-13 15:14:09,158 Attacking (231, 623) of distance 712.6990949903052 away
2024-06-13 15:14:09,162 Moving toward ally
2024-06-13 15:14:09,267 Attacking (241, 617) of distance 701.4869920390541 away
2024-06-13 15:14:09,377 Attacking (285, 599) of distance 653.4011019274454 away
2024-06-13 15:14:09,610 Attacking (368, 581) of distance 565.7994344288443 away
2024-06-13 15:14:09,651 Moving toward ally
2024-06-13 15:14:09,854 Attacking (458, 570) of distance 475.3367227555641 away
2024-06-13 15:14:10,091 Attacking (533, 560) of distance 407.933818161721 away
2024-06-13 15:14:10,242 Collecting chicks: 1 (876, 375)
2024-06-13 15:14:10,326 Attacking (598, 545) of distance 337.81651824622196 away
2024-06-13 15:14:10,541 Attacking (628, 531) of distance 301.7614952242913 away
2024-06-13 15:14:10,735 Moving toward ally
2024-06-13 15:14:10,757 Attacking (662, 518) of distance 265.8006772000403 away
2024-06-13 15:14:10,977 Attacking (692, 510) of distance 237.9285607067802 away
2024-06-13 15:14:11,192 Attacking (452, 551) of distance 478.1736086402092 away
2024-06-13 15:14:11,402 Moving toward ally
2024-06-13 15:14:11,489 Attacking (502, 541) of distance 429.53230379099546 away
2024-06-13 15:14:11,707 Attacking (544, 482) of distance 376.7240369288904 away
2024-06-13 15:14:11,932 Moving to arrows: 1 (556, 69)
2024-06-13 15:14:11,937 Attacking (598, 507) of distance 326.73536692559014 away
2024-06-13 15:14:12,154 Attacking (670, 515) of distance 260.72207424765554 away
2024-06-13 15:14:12,369 Attacking (688, 497) of distance 237.84448700779254 away
2024-06-13 15:14:12,574 Moving to arrows: 1 (627, 46)
2024-06-13 15:14:12,577 Attacking (701, 494) of distance 221.6776939613005 away
2024-06-13 15:14:12,791 Attacking (728, 492) of distance 196.3797341886377 away
2024-06-13 15:14:12,993 Attacking (773, 515) of distance 165.65325230734229 away
2024-06-13 15:14:13,207 Moving toward ally
2024-06-13 15:14:13,225 Attacking (786, 499) of distance 143.54441821262157 away
2024-06-13 15:14:13,442 Attacking (769, 430) of distance 102.2154587134451 away
2024-06-13 15:14:13,660 Attacking (785, 421) of distance 95.71833680126291 away
2024-06-13 15:14:13,823 Moving toward ally
2024-06-13 15:14:13,879 Attacking (844, 446) of distance 79.98124780221924 away
2024-06-13 15:14:14,113 Attacking (872, 448) of distance 69.63476143421474 away
2024-06-13 15:14:14,317 Attacking (848, 432) of distance 53.235326616824665 away
2024-06-13 15:14:14,459 Moving toward ally
2024-06-13 15:14:14,549 Attacking (762, 433) of distance 48.414873747640826 away
2024-06-13 15:14:14,785 Attacking (712, 442) of distance 43.278170016764804 away
2024-06-13 15:14:14,985 Moving toward ally
2024-06-13 15:14:15,000 Attacking (692, 438) of distance 120.07081243999309 away
2024-06-13 15:14:15,217 Attacking (662, 436) of distance 149.68299836654796 away
2024-06-13 15:14:15,418 Attacking (634, 428) of distance 178.76520914316632 away
2024-06-13 15:14:15,602 Moving toward ally
2024-06-13 15:14:15,635 Attacking (609, 413) of distance 206.72929158684795 away
2024-06-13 15:14:15,853 Attacking (586, 395) of distance 234.00854685246009 away
2024-06-13 15:14:16,057 Attacking (567, 378) of distance 257.6082296822056 away
2024-06-13 15:14:16,228 Moving toward ally
2024-06-13 15:14:16,273 Attacking (550, 360) of distance 280.0803456153252 away
2024-06-13 15:14:16,473 Attacking (536, 345) of distance 298.9314302645341 away
2024-06-13 15:14:16,691 Attacking (518, 326) of distance 323.3403779301311 away
2024-06-13 15:14:16,848 Moving toward ally
2024-06-13 15:14:16,894 Attacking (500, 308) of distance 347.5413644445795 away
2024-06-13 15:14:17,117 Attacking (483, 290) of distance 371.03369119259236 away
2024-06-13 15:14:17,334 Attacking (471, 278) of distance 387.3628789649313 away
2024-06-13 15:14:17,469 Moving toward ally
2024-06-13 15:14:17,554 Attacking (463, 270) of distance 398.27879682453596 away
2024-06-13 15:14:17,751 Attacking (454, 256) of distance 413.14041196668234 away
2024-06-13 15:14:17,953 Attacking (451, 253) of distance 417.25891242728414 away
2024-06-13 15:14:18,082 Moving toward ally
2024-06-13 15:14:18,156 Attacking (442, 242) of distance 430.6796953653608 away
2024-06-13 15:14:18,374 Attacking (430, 230) of distance 447.2191856349636 away
2024-06-13 15:14:18,590 Attacking (424, 223) of distance 456.0394719758367 away
2024-06-13 15:14:18,717 Moving toward ally
2024-06-13 15:14:18,794 Attacking (420, 220) of distance 461.02602963390257 away
2024-06-13 15:14:18,997 Attacking (412, 213) of distance 471.54215082005135 away
2024-06-13 15:14:19,199 Attacking (1301, 446) of distance 493.5362195421932 away
2024-06-13 15:14:19,366 Moving toward ally
2024-06-13 15:14:19,704 Attacking (1236, 441) of distance 428.9149099763262 away
2024-06-13 15:14:19,921 Attacking (1192, 440) of distance 385.09349514111506 away
2024-06-13 15:14:20,112 Moving to arrows: 1 (251, 61)
2024-06-13 15:14:20,140 Attacking (1152, 440) of distance 345.2202195700594 away
2024-06-13 15:14:20,373 Attacking (1118, 440) of distance 311.35349684883903 away
2024-06-13 15:14:20,376 Clicking ok button None
2024-06-13 15:14:20,589 Attacking (1071, 440) of distance 264.59402865522117 away
2024-06-13 15:14:20,760 Moving to arrows: 2 (330, 61)
2024-06-13 15:14:20,805 Attacking (1052, 440) of distance 245.7173172570464 away
2024-06-13 15:14:21,022 Attacking (1002, 440) of distance 196.15555052049893 away
2024-06-13 15:14:21,243 Attacking (958, 441) of distance 152.59095648169978 away
2024-06-13 15:14:21,396 Moving to arrows: 2 (407, 61)
2024-06-13 15:14:21,459 Attacking (918, 441) of distance 113.50770898930169 away
2024-06-13 15:14:21,709 Attacking (885, 435) of distance 84.17244204607586 away
2024-06-13 15:14:21,926 Attacking (849, 428) of distance 57.9827560572969 away
2024-06-13 15:14:22,066 Moving to arrows: 2 (496, 61)
2024-06-13 15:14:22,145 Attacking (807, 420) of distance 49.01020301937138 away
2024-06-13 15:14:22,362 Attacking (752, 409) of distance 82.07313811473277 away
2024-06-13 15:14:22,581 Attacking (709, 396) of distance 123.00406497347964 away
2024-06-13 15:14:22,723 Moving to arrows: 2 (33, 61)
2024-06-13 15:14:22,800 Attacking (666, 385) of distance 164.98484778912274 away
2024-06-13 15:14:23,192 Moving toward ally
2024-06-13 15:14:23,651 Moving to arrows: 1 (1583, 618)
2024-06-13 15:14:24,118 Moving to arrows: 1 (1583, 659)
2024-06-13 15:14:24,670 Collecting chicks: 1 (219, 822)
2024-06-13 15:14:25,133 Collecting chicks: 1 (152, 763)
2024-06-13 15:14:25,592 Collecting chicks: 1 (194, 719)
2024-06-13 15:14:26,039 Collecting chicks: 1 (255, 682)
2024-06-13 15:14:26,506 Collecting chicks: 1 (333, 657)
2024-06-13 15:14:26,980 Collecting chicks: 1 (418, 606)
2024-06-13 15:14:27,516 Collecting chicks: 1 (495, 564)
2024-06-13 15:14:28,121 Collecting chicks: 1 (748, 740)
2024-06-13 15:14:28,608 Collecting chicks: 2 (778, 573)
2024-06-13 15:14:29,064 Unloading chicks: 2 (1574, 878)
2024-06-13 15:14:29,605 Unloading chicks: 1 (1574, 925)
2024-06-13 15:14:30,123 Unloading chicks: 1 (1574, 869)
2024-06-13 15:14:30,619 Unloading chicks: 1 (1575, 933)
2024-06-13 15:14:31,135 Unloading chicks: 1 (1575, 968)
2024-06-13 15:14:31,654 Unloading chicks: 1 (1575, 968)
2024-06-13 15:14:32,440 Unloading chicks: 2 (1574, 822)
2024-06-13 15:14:32,542 Clicking ok button None
2024-06-13 15:14:32,890 Unloading chicks: 2 (1483, 769)
2024-06-13 15:14:33,346 Unloading chicks: 2 (1497, 722)
2024-06-13 15:14:33,500 Detected game mode/map None SAHA
2024-06-13 15:14:33,815 Unloading chicks: 2 (1574, 700)
2024-06-13 15:14:34,316 Unloading chicks: 2 (1575, 731)
2024-06-13 15:14:34,826 Unloading chicks: 2 (1574, 755)
2024-06-13 15:14:35,328 Unloading chicks: 2 (1575, 774)
2024-06-13 15:14:36,080 Unloading chicks: 1 (1575, 968)
2024-06-13 15:14:36,601 Unloading chicks: 1 (1575, 968)
2024-06-13 15:14:37,133 Unloading chicks: 1 (1575, 968)
2024-06-13 15:14:37,586 Unloading chicks: 1 (1575, 968)
2024-06-13 15:14:38,022 Unloading chicks: 2 (1432, 967)
2024-06-13 15:14:38,506 Unloading chicks: 2 (1311, 949)
2024-06-13 15:14:38,955 Unloading chicks: 2 (1355, 967)
2024-06-13 15:14:39,393 Unloading chicks: 2 (1283, 962)
2024-06-13 15:14:39,844 Unloading chicks: 2 (1184, 956)
2024-06-13 15:14:40,300 Unloading chicks: 1 (1575, 968)
2024-06-13 15:14:40,757 Unloading chicks: 1 (1575, 968)
2024-06-13 15:14:41,230 Unloading chicks: 1 (1575, 968)
2024-06-13 15:14:41,695 Unloading chicks: 2 (510, 967)
2024-06-13 15:14:42,141 Unloading chicks: 2 (384, 967)
2024-06-13 15:14:42,604 Unloading chicks: 2 (336, 967)
2024-06-13 15:14:43,057 Unloading chicks: 2 (416, 848)
2024-06-13 15:14:43,525 Unloading chicks: 2 (463, 858)
2024-06-13 15:14:43,974 Unloading chicks: 2 (456, 834)
2024-06-13 15:14:44,453 Unloading chicks: 2 (476, 859)
2024-06-13 15:14:44,904 Unloading chicks: 2 (451, 815)
2024-06-13 15:14:45,095 Clicking ok button None
2024-06-13 15:14:45,350 Unloading chicks: 2 (407, 757)
2024-06-13 15:14:45,786 Unloading chicks: 2 (369, 718)
2024-06-13 15:14:46,236 Unloading chicks: 2 (384, 741)
2024-06-13 15:14:46,675 Unloading chicks: 2 (390, 720)
2024-06-13 15:14:47,106 Unloading chicks: 2 (410, 692)
2024-06-13 15:14:47,549 Unloading chicks: 2 (427, 739)
2024-06-13 15:14:47,995 Unloading chicks: 2 (453, 773)
2024-06-13 15:14:48,428 Unloading chicks: 2 (440, 735)
2024-06-13 15:14:48,866 Unloading chicks: 2 (420, 684)
2024-06-13 15:14:49,303 Unloading chicks: 2 (415, 655)
2024-06-13 15:14:49,755 Unloading chicks: 2 (430, 611)
2024-06-13 15:14:50,209 Unloading chicks: 2 (568, 788)
2024-06-13 15:14:50,664 Unloading chicks: 2 (605, 824)
2024-06-13 15:14:51,117 Unloading chicks: 2 (687, 799)
2024-06-13 15:14:51,566 Unloading chicks: 2 (752, 735)
2024-06-13 15:14:53,960 Collecting chicks: 3 (1171, 235)
2024-06-13 15:14:54,458 Collecting chicks: 3 (1167, 237)
2024-06-13 15:14:54,948 Collecting chicks: 5 (1144, 261)
2024-06-13 15:14:55,434 Collecting chicks: 4 (1098, 290)
2024-06-13 15:14:55,910 Collecting chicks: 4 (1040, 310)
2024-06-13 15:14:56,430 Collecting chicks: 5 (973, 329)
2024-06-13 15:14:56,927 Collecting chicks: 3 (707, 224)
2024-06-13 15:14:57,217 Attacking (1545, 938) of distance 982.3695842197071 away
2024-06-13 15:14:57,326 Attacking (1530, 936) of distance 977.5070332227795 away
2024-06-13 15:14:57,345 Clicking ok button None
2024-06-13 15:14:57,380 Unloading chicks: 2 (144, 721)
2024-06-13 15:14:57,435 Attacking (1509, 933) of distance 960.3150524697611 away
2024-06-13 15:14:57,543 Attacking (1498, 931) of distance 953.8060599513927 away
2024-06-13 15:14:57,653 Attacking (1485, 922) of distance 939.0005324812122 away
2024-06-13 15:14:57,763 Attacking (1476, 897) of distance 919.5895823681345 away
2024-06-13 15:14:57,812 Unloading chicks: 2 (131, 774)
2024-06-13 15:14:57,871 Attacking (1473, 881) of distance 909.7873377883427 away
2024-06-13 15:14:57,981 Attacking (1468, 844) of distance 891.1526244140225 away
2024-06-13 15:14:58,091 Attacking (1466, 826) of distance 881.6722747143634 away
2024-06-13 15:14:58,198 Attacking (1467, 800) of distance 873.7579756431411 away
2024-06-13 15:14:58,249 Unloading chicks: 2 (187, 747)
2024-06-13 15:14:58,309 Attacking (1464, 783) of distance 866.2107133948414 away
2024-06-13 15:14:58,416 Attacking (1454, 741) of distance 844.1711911691847 away
2024-06-13 15:14:58,527 Attacking (1450, 724) of distance 835.778080593168 away
2024-06-13 15:14:58,636 Attacking (1441, 688) of distance 818.9993894991619 away
2024-06-13 15:14:58,703 Unloading chicks: 2 (256, 699)
2024-06-13 15:14:58,745 Attacking (1437, 670) of distance 811.4265216271896 away
2024-06-13 15:14:58,852 Attacking (1427, 634) of distance 795.7794920705107 away
2024-06-13 15:14:58,962 Attacking (1413, 595) of distance 781.1075470125736 away
2024-06-13 15:14:59,073 Attacking (1407, 577) of distance 775.8124773423021 away
2024-06-13 15:14:59,153 Unloading chicks: 2 (333, 652)
2024-06-13 15:14:59,180 Attacking (1398, 545) of distance 767.0436754188121 away
2024-06-13 15:14:59,291 Attacking (1395, 529) of distance 764.442280358694 away
2024-06-13 15:14:59,398 Attacking (1432, 543) of distance 802.1003677844811 away
2024-06-13 15:14:59,508 Attacking (1468, 564) of distance 840.4403607633323 away
2024-06-13 15:14:59,598 Unloading chicks: 2 (417, 641)
2024-06-13 15:14:59,618 Attacking (1484, 577) of distance 857.5546629807338 away
2024-06-13 15:14:59,729 Attacking (1512, 691) of distance 902.869315017406 away
2024-06-13 15:14:59,835 Attacking (1510, 676) of distance 895.8627126965381 away
2024-06-13 15:14:59,944 Attacking (1542, 643) of distance 917.6889451224745 away
2024-06-13 15:15:00,037 Unloading chicks: 2 (492, 629)
2024-06-13 15:15:00,054 Attacking (1542, 645) of distance 916.5549628909332 away
2024-06-13 15:15:00,163 Attacking (1517, 610) of distance 884.9005593850644 away
2024-06-13 15:15:00,274 Attacking (1516, 579) of distance 880.0477259785404 away
2024-06-13 15:15:00,383 Attacking (1514, 563) of distance 877.0062713572804 away
2024-06-13 15:15:00,479 Unloading chicks: 2 (550, 595)
2024-06-13 15:15:00,493 Attacking (1514, 531) of distance 873.0692985095743 away
2024-06-13 15:15:00,601 Attacking (1510, 513) of distance 857.0145856401745 away
2024-06-13 15:15:00,710 Attacking (1498, 483) of distance 841.6869964541451 away
2024-06-13 15:15:00,818 Attacking (1482, 451) of distance 822.6518096983681 away
2024-06-13 15:15:00,927 Attacking (1473, 437) of distance 665.7694796248924 away
2024-06-13 15:15:00,934 Unloading chicks: 2 (577, 555)
2024-06-13 15:15:01,211 Attacking (1430, 368) of distance 778.1548689046416 away
2024-06-13 15:15:01,318 Attacking (1420, 341) of distance 764.2990252512428 away
2024-06-13 15:15:01,427 Attacking (1406, 326) of distance 758.3904007831322 away
2024-06-13 15:15:01,535 Attacking (1387, 302) of distance 748.9726296734749 away
2024-06-13 15:15:01,641 Attacking (1380, 292) of distance 598.7595510720477 away
2024-06-13 15:15:01,905 Attacking (1361, 268) of distance 733.1602826121994 away
2024-06-13 15:15:02,015 Attacking (1349, 264) of distance 727.9739006310597 away
2024-06-13 15:15:02,123 Attacking (1345, 257) of distance 723.3927010967142 away
2024-06-13 15:15:02,234 Attacking (1339, 240) of distance 723.1320764562998 away
2024-06-13 15:15:02,343 Attacking (1333, 232) of distance 721.6321777747996 away
2024-06-13 15:15:02,450 Attacking (1332, 230) of distance 721.8483220178599 away
2024-06-13 15:15:02,558 Attacking (1343, 248) of distance 725.7857810676646 away
2024-06-13 15:15:02,669 Attacking (1347, 255) of distance 727.0680848448789 away
2024-06-13 15:15:02,691 Moving toward ally
2024-06-13 15:15:02,778 Attacking (1357, 273) of distance 730.8139298070337 away
2024-06-13 15:15:02,886 Attacking (1366, 290) of distance 734.1151135891428 away
2024-06-13 15:15:02,997 Attacking (1371, 300) of distance 732.5605776998923 away
2024-06-13 15:15:03,107 Attacking (1378, 317) of distance 732.2793182932315 away
2024-06-13 15:15:03,174 Moving toward ally
2024-06-13 15:15:03,216 Attacking (1382, 337) of distance 724.3479826713125 away
2024-06-13 15:15:03,327 Attacking (1383, 349) of distance 714.6579601459707 away
2024-06-13 15:15:03,437 Attacking (1384, 376) of distance 706.1005594106267 away
2024-06-13 15:15:03,546 Attacking (1419, 373) of distance 735.4250471666028 away
2024-06-13 15:15:03,657 Collecting chicks: 1 (918, 179)
2024-06-13 15:15:03,657 Attacking (1380, 425) of distance 687.2852391838486 away
2024-06-13 15:15:03,825 Detected game mode/map None SAHA
2024-06-13 15:15:03,937 Attacking (1356, 363) of distance 667.236090151005 away
2024-06-13 15:15:04,157 Attacking (1307, 367) of distance 617.8875302188902 away
2024-06-13 15:15:04,322 Moving toward ally
2024-06-13 15:15:04,394 Attacking (1268, 371) of distance 578.5784302927304 away
2024-06-13 15:15:04,628 Attacking (1209, 384) of distance 518.7465662536958 away
2024-06-13 15:15:04,859 Attacking (1385, 750) of distance 749.7746328064186 away
2024-06-13 15:15:04,911 Moving toward ally
2024-06-13 15:15:04,968 Attacking (1386, 779) of distance 761.0794965048001 away
2024-06-13 15:15:05,075 Attacking (1387, 806) of distance 777.2573576364523 away
2024-06-13 15:15:05,183 Attacking (1392, 865) of distance 819.5132701793182 away
2024-06-13 15:15:05,296 Attacking (1398, 889) of distance 724.2237223399962 away
2024-06-13 15:15:05,390 Moving toward ally
2024-06-13 15:15:05,406 Attacking (1421, 955) of distance 905.2894564723484 away
2024-06-13 15:15:05,510 Attacking (1438, 1000) of distance 948.5863165785179 away
2024-06-13 15:15:05,877 Moving toward ally
2024-06-13 15:15:06,345 Moving toward ally
2024-06-13 15:15:06,355 Attacking (997, 593) of distance 225.07998578283232 away
2024-06-13 15:15:06,681 Attacking (930, 518) of distance 228.11619846034608 away
2024-06-13 15:15:06,916 Attacking (904, 432) of distance 250.88044961694402 away
2024-06-13 15:15:07,067 Moving toward ally
2024-06-13 15:15:07,147 Attacking (915, 415) of distance 263.9109698364204 away
2024-06-13 15:15:07,347 Attacking (925, 420) of distance 276.74175687814085 away
2024-06-13 15:15:07,551 Moving toward ally
2024-06-13 15:15:07,566 Attacking (937, 434) of distance 288.22560607968194 away
2024-06-13 15:15:07,783 Attacking (956, 449) of distance 309.6465727244531 away
2024-06-13 15:15:07,987 Attacking (963, 452) of distance 312.08492433951375 away
2024-06-13 15:15:08,177 Moving toward ally
2024-06-13 15:15:08,189 Attacking (964, 449) of distance 301.4962686336267 away
2024-06-13 15:15:08,391 Attacking (955, 445) of distance 287.862814548875 away
2024-06-13 15:15:08,608 Attacking (929, 443) of distance 271.88968351153005 away
2024-06-13 15:15:08,772 Moving toward ally
2024-06-13 15:15:08,826 Attacking (907, 454) of distance 261.0938528575501 away
2024-06-13 15:15:09,043 Attacking (903, 470) of distance 261.8434646883515 away
2024-06-13 15:15:09,260 Attacking (919, 502) of distance 264.8867682614592 away
2024-06-13 15:15:09,405 Moving toward ally
2024-06-13 15:15:09,481 Attacking (912, 514) of distance 248.92770034690798 away
2024-06-13 15:15:09,680 Attacking (903, 518) of distance 232.7573844156185 away
2024-06-13 15:15:09,724 Clicking ok button None
2024-06-13 15:15:09,881 Attacking (881, 516) of distance 204.84628383253624 away
2024-06-13 15:15:10,013 Moving toward ally
2024-06-13 15:15:10,081 Attacking (868, 512) of distance 188.72466717416668 away
2024-06-13 15:15:10,327 Attacking (826, 495) of distance 147.1767644704829 away
2024-06-13 15:15:10,545 Attacking (804, 483) of distance 121.80311982868092 away
2024-06-13 15:15:10,553 Collecting chicks: 1 (1229, 538)
2024-06-13 15:15:10,760 Attacking (781, 465) of distance 94.02127418834526 away
2024-06-13 15:15:10,979 Attacking (766, 450) of distance 67.20863039818622 away
2024-06-13 15:15:11,127 Moving toward ally
2024-06-13 15:15:11,180 Attacking (775, 431) of distance 59.03388857258177 away
2024-06-13 15:15:11,381 Attacking (799, 423) of distance 46.87216658103186 away
2024-06-13 15:15:11,583 Attacking (806, 437) of distance 32.0624390837628 away
2024-06-13 15:15:11,717 Moving toward ally
2024-06-13 15:15:11,801 Attacking (796, 450) of distance 22.47220505424423 away
2024-06-13 15:15:12,021 Attacking (774, 467) of distance 34.058772731852805 away
2024-06-13 15:15:12,216 Moving toward ally
2024-06-13 15:15:12,237 Attacking (751, 484) of distance 58.9406481131655 away
2024-06-13 15:15:12,438 Attacking (723, 502) of distance 91.18113840043894 away
2024-06-13 15:15:12,654 Attacking (694, 522) of distance 125.71793825862719 away
2024-06-13 15:15:12,811 Moving toward ally
2024-06-13 15:15:12,856 Attacking (974, 440) of distance 168.51409436602032 away
2024-06-13 15:15:13,165 Attacking (1014, 451) of distance 206.7849124090053 away
2024-06-13 15:15:13,369 Attacking (1054, 460) of distance 246.16457909293123 away
2024-06-13 15:15:13,521 Moving toward ally
2024-06-13 15:15:13,589 Attacking (1077, 465) of distance 269.02973813316623 away
2024-06-13 15:15:13,802 Attacking (1095, 468) of distance 287.00174215499106 away
2024-06-13 15:15:14,020 Attacking (1084, 469) of distance 276.0 away
2024-06-13 15:15:14,150 Collecting chicks: 1 (1603, 212)
2024-06-13 15:15:14,221 Attacking (1063, 468) of distance 255.0019607767752 away
2024-06-13 15:15:14,426 Attacking (1012, 466) of distance 204.02205763103163 away
2024-06-13 15:15:14,644 Attacking (968, 464) of distance 160.0781059358212 away
2024-06-13 15:15:14,787 Collecting chicks: 1 (1605, 213)
2024-06-13 15:15:14,877 Attacking (924, 462) of distance 116.21101496846158 away
2024-06-13 15:15:15,093 Attacking (893, 461) of distance 85.37564055396598 away
2024-06-13 15:15:15,289 Collecting chicks: 1 (1604, 211)
2024-06-13 15:15:15,314 Attacking (862, 462) of distance 54.45181356024793 away
2024-06-13 15:15:15,532 Attacking (845, 464) of distance 37.33630940518894 away
2024-06-13 15:15:15,763 Attacking (842, 464) of distance 34.36568055487917 away
2024-06-13 15:15:15,913 Collecting chicks: 1 (1604, 212)
2024-06-13 15:15:15,967 Attacking (826, 465) of distance 18.439088914585778 away
2024-06-13 15:15:16,171 Attacking (826, 465) of distance 18.439088914585778 away
2024-06-13 15:15:16,374 Attacking (831, 464) of distance 23.53720459187964 away
2024-06-13 15:15:16,511 Moving toward ally
2024-06-13 15:15:16,575 Attacking (852, 462) of distance 44.55333881989093 away
2024-06-13 15:15:16,779 Attacking (860, 462) of distance 52.46903848937963 away
2024-06-13 15:15:16,981 Attacking (863, 462) of distance 55.44366510251645 away
2024-06-13 15:15:17,095 Moving toward ally
2024-06-13 15:15:17,181 Attacking (884, 465) of distance 76.10519036176179 away
2024-06-13 15:15:17,399 Attacking (901, 468) of distance 93.00537618869136 away
2024-06-13 15:15:17,617 Attacking (894, 456) of distance 86.97700845625815 away
2024-06-13 15:15:17,709 Moving to arrows: 1 (33, 558)
2024-06-13 15:15:17,818 Attacking (885, 438) of distance 83.00602387778852 away
2024-06-13 15:15:18,035 Attacking (867, 406) of distance 86.31338250816034 away
2024-06-13 15:15:18,228 Moving to arrows: 1 (33, 620)
2024-06-13 15:15:18,267 Attacking (849, 373) of distance 104.38869670610896 away
2024-06-13 15:15:18,486 Attacking (836, 349) of distance 123.22337440599492 away
2024-06-13 15:15:18,703 Attacking (818, 323) of distance 146.34206503941374 away
2024-06-13 15:15:18,857 Moving to arrows: 1 (33, 710)
2024-06-13 15:15:18,919 Attacking (800, 298) of distance 171.18703221914913 away
2024-06-13 15:15:19,153 Attacking (778, 275) of distance 196.3058837630701 away
2024-06-13 15:15:19,356 Attacking (758, 263) of distance 211.9811312357777 away
2024-06-13 15:15:19,513 Moving to arrows: 1 (859, 84)
2024-06-13 15:15:20,111 Collecting chicks: 3 (1046, 483)
2024-06-13 15:15:20,616 Collecting chicks: 2 (1038, 477)
2024-06-13 15:15:21,078 Unloading chicks: 2 (1267, 134)
2024-06-13 15:15:21,542 Unloading chicks: 2 (1236, 134)
2024-06-13 15:15:22,008 Unloading chicks: 2 (1240, 134)
2024-06-13 15:15:22,256 Clicking ok button None
2024-06-13 15:15:22,359 Attacking (1286, 121) of distance 646.3342788371973 away
2024-06-13 15:15:22,482 Unloading chicks: 1 (1574, 610)
2024-06-13 15:15:22,702 Attacking (1270, 174) of distance 650.0038461424671 away
2024-06-13 15:15:22,919 Attacking (1272, 226) of distance 625.3127217640786 away
2024-06-13 15:15:23,049 Unloading chicks: 2 (1093, 184)
2024-06-13 15:15:23,155 Attacking (1252, 267) of distance 591.7465673749194 away
2024-06-13 15:15:23,387 Attacking (1237, 314) of distance 592.9291694629301 away
2024-06-13 15:15:23,524 Unloading chicks: 1 (1574, 750)
2024-06-13 15:15:23,648 Attacking (1247, 345) of distance 611.572563151749 away
2024-06-13 15:15:23,867 Attacking (1270, 385) of distance 616.39678779176 away
2024-06-13 15:15:24,085 Attacking (1255, 409) of distance 569.642870577698 away
2024-06-13 15:15:24,147 Unloading chicks: 2 (1038, 223)
2024-06-13 15:15:24,305 Attacking (1219, 433) of distance 520.8243465891355 away
2024-06-13 15:15:24,522 Attacking (1168, 447) of distance 507.57856534727705 away
2024-06-13 15:15:24,643 Unloading chicks: 1 (1574, 731)
2024-06-13 15:15:24,770 Attacking (1162, 467) of distance 531.1355759125912 away
2024-06-13 15:15:24,972 Attacking (1178, 489) of distance 557.2907679120478 away
2024-06-13 15:15:25,190 Attacking (1196, 514) of distance 571.9379336956066 away
2024-06-13 15:15:25,290 Unloading chicks: 1 (1575, 713)
2024-06-13 15:15:25,422 Attacking (1205, 542) of distance 584.3295303165843 away
2024-06-13 15:15:25,628 Attacking (1224, 593) of distance 589.5659420285401 away
2024-06-13 15:15:25,846 Attacking (1204, 606) of distance 541.938188357307 away
2024-06-13 15:15:25,851 Unloading chicks: 2 (1124, 210)
2024-06-13 15:15:26,047 Attacking (1152, 610) of distance 486.0545236905012 away
2024-06-13 15:15:26,296 Attacking (1108, 622) of distance 479.683228808346 away
2024-06-13 15:15:26,427 Unloading chicks: 2 (1085, 169)
2024-06-13 15:15:26,512 Attacking (1124, 675) of distance 532.680016520237 away
2024-06-13 15:15:26,731 Attacking (1149, 723) of distance 585.6705558588377 away
2024-06-13 15:15:26,893 Unloading chicks: 2 (1130, 173)
2024-06-13 15:15:26,938 Attacking (1219, 788) of distance 680.8002643947782 away
2024-06-13 15:15:27,167 Attacking (1256, 773) of distance 701.267424025956 away
2024-06-13 15:15:27,276 Attacking (1258, 762) of distance 690.6518659932804 away
2024-06-13 15:15:27,463 Unloading chicks: 2 (1196, 199)
2024-06-13 15:15:27,493 Attacking (1246, 729) of distance 641.7982549056985 away
2024-06-13 15:15:27,711 Attacking (1221, 704) of distance 601.0199663904685 away
2024-06-13 15:15:27,927 Attacking (1231, 689) of distance 599.9633322128946 away
2024-06-13 15:15:28,070 Unloading chicks: 2 (1164, 248)
2024-06-13 15:15:28,131 Attacking (1239, 675) of distance 599.9683324976411 away
2024-06-13 15:15:28,335 Attacking (1245, 666) of distance 601.9177684700794 away
2024-06-13 15:15:28,552 Attacking (1252, 654) of distance 602.429248957917 away
2024-06-13 15:15:28,650 Unloading chicks: 2 (1104, 303)
2024-06-13 15:15:28,753 Attacking (1259, 641) of distance 602.6118153504792 away
2024-06-13 15:15:28,952 Attacking (1264, 618) of distance 590.330415953642 away
2024-06-13 15:15:29,135 Unloading chicks: 2 (1054, 338)
2024-06-13 15:15:29,170 Attacking (1256, 599) of distance 576.8882040742384 away
2024-06-13 15:15:29,374 Attacking (1221, 589) of distance 540.135168268092 away
2024-06-13 15:15:29,578 Attacking (1192, 575) of distance 509.136523930468 away
2024-06-13 15:15:29,713 Unloading chicks: 2 (947, 356)
2024-06-13 15:15:29,794 Attacking (1122, 545) of distance 433.4166586553867 away
2024-06-13 15:15:30,027 Attacking (1063, 517) of distance 369.68229603268804 away
2024-06-13 15:15:30,243 Attacking (1013, 491) of distance 319.9765616416302 away
2024-06-13 15:15:30,320 Unloading chicks: 2 (854, 365)
2024-06-13 15:15:30,459 Attacking (966, 468) of distance 273.2471408816568 away
2024-06-13 15:15:30,675 Attacking (950, 454) of distance 282.51194665004874 away
2024-06-13 15:15:30,818 Unloading chicks: 2 (800, 382)
2024-06-13 15:15:30,892 Attacking (951, 442) of distance 301.16606714568627 away
2024-06-13 15:15:31,093 Attacking (977, 431) of distance 317.23808094237364 away
2024-06-13 15:15:31,265 Unloading chicks: 2 (815, 408)
2024-06-13 15:15:31,295 Attacking (958, 434) of distance 281.1867706703144 away
2024-06-13 15:15:31,496 Attacking (912, 437) of distance 216.52944372532804 away
2024-06-13 15:15:31,717 Attacking (801, 489) of distance 109.16501271011698 away
2024-06-13 15:15:31,951 Attacking (756, 477) of distance 68.0294054067798 away
2024-06-13 15:15:32,182 Attacking (779, 436) of distance 91.02197536858888 away
2024-06-13 15:15:32,275 Unloading chicks: 1 (1575, 968)
2024-06-13 15:15:32,417 Attacking (801, 419) of distance 116.00431026474837 away
2024-06-13 15:15:32,632 Attacking (809, 436) of distance 134.23859355639868 away
2024-06-13 15:15:32,796 Unloading chicks: 1 (1575, 968)
2024-06-13 15:15:32,835 Attacking (819, 464) of distance 12.08304597359457 away
2024-06-13 15:15:33,053 Attacking (818, 474) of distance 11.180339887498949 away
2024-06-13 15:15:33,254 Attacking (803, 477) of distance 9.433981132056603 away
2024-06-13 15:15:33,412 Moving toward ally
2024-06-13 15:15:33,473 Attacking (785, 479) of distance 25.079872407968903 away
2024-06-13 15:15:33,692 Attacking (744, 481) of distance 65.11528238439882 away
2024-06-13 15:15:33,908 Attacking (743, 473) of distance 65.12296062065975 away
2024-06-13 15:15:34,038 Moving toward ally
2024-06-13 15:15:34,111 Attacking (843, 410) of distance 68.60029154456998 away
2024-06-13 15:15:34,311 Detected game mode/map None SAHA
2024-06-13 15:15:34,329 Clicking ok button None
2024-06-13 15:15:34,363 Attacking (819, 397) of distance 72.83543093852057 away
2024-06-13 15:15:34,564 Attacking (791, 383) of distance 87.66413177577247 away
2024-06-13 15:15:34,742 Moving toward ally
2024-06-13 15:15:34,782 Attacking (778, 388) of distance 86.37708029332781 away
2024-06-13 15:15:34,997 Attacking (766, 382) of distance 96.6074531286277 away
2024-06-13 15:15:35,200 Attacking (741, 389) of distance 104.35037134576953 away
2024-06-13 15:15:35,359 Moving toward ally
2024-06-13 15:15:35,403 Attacking (762, 389) of distance 92.2821759604746 away
2024-06-13 15:15:35,620 Attacking (762, 389) of distance 92.2821759604746 away
2024-06-13 15:15:35,807 Attacking (762, 389) of distance 92.2821759604746 away
2024-06-13 15:15:35,987 Moving toward ally
2024-06-13 15:15:36,008 Attacking (762, 389) of distance 92.2821759604746 away
2024-06-13 15:15:36,209 Attacking (762, 389) of distance 92.2821759604746 away
2024-06-13 15:15:36,397 Attacking (762, 389) of distance 92.2821759604746 away
2024-06-13 15:15:36,573 Moving toward ally
2024-06-13 15:15:36,583 Attacking (764, 388) of distance 92.17917335276988 away
2024-06-13 15:15:36,785 Attacking (773, 381) of distance 94.70480452437458 away
2024-06-13 15:15:37,001 Attacking (459, 829) of distance 501.3990426795807 away
2024-06-13 15:15:37,192 Moving toward ally
2024-06-13 15:15:37,405 Attacking (551, 822) of distance 436.6440197689647 away
2024-06-13 15:15:37,669 Attacking (596, 812) of distance 403.2282232185639 away
2024-06-13 15:15:37,796 Moving toward ally
2024-06-13 15:15:37,872 Attacking (634, 799) of distance 373.06299736103557 away
2024-06-13 15:15:38,090 Attacking (682, 777) of distance 332.776201072132 away
2024-06-13 15:15:38,307 Attacking (723, 757) of distance 300.2815345638156 away
2024-06-13 15:15:38,445 Moving toward ally
2024-06-13 15:15:38,542 Attacking (767, 736) of distance 270.12959852633696 away
2024-06-13 15:15:38,772 Attacking (811, 715) of distance 246.01829200285084 away
2024-06-13 15:15:38,969 Moving toward ally
2024-06-13 15:15:38,990 Attacking (857, 692) of distance 228.3199509460354 away
2024-06-13 15:15:39,207 Attacking (889, 677) of distance 223.21514285549713 away
2024-06-13 15:15:39,410 Attacking (905, 650) of distance 205.35335400231472 away
2024-06-13 15:15:39,565 Detected game mode/map None SAHA
2024-06-13 15:15:39,600 Moving toward ally
2024-06-13 15:15:39,631 Attacking (889, 619) of distance 170.47287174210447 away
2024-06-13 15:15:39,847 Attacking (807, 411) of distance 58.008620049092706 away
2024-06-13 15:15:40,125 Attacking (807, 410) of distance 59.008473967727724 away
2024-06-13 15:15:40,252 Moving toward ally
2024-06-13 15:15:40,341 Attacking (805, 525) of distance 56.080299571239806 away
2024-06-13 15:15:40,607 Attacking (790, 481) of distance 21.633307652783937 away
2024-06-13 15:15:40,755 Moving toward ally
2024-06-13 15:15:41,205 Collecting chicks: 1 (288, 889)
2024-06-13 15:15:41,462 Attacking (30, 121) of distance 952.1244666533888 away
2024-06-13 15:15:41,573 Attacking (34, 121) of distance 946.5331478611829 away
2024-06-13 15:15:41,687 Moving toward ally
2024-06-13 15:15:42,007 Attacking (20, 123) of distance 917.4055809727778 away
2024-06-13 15:15:42,113 Attacking (27, 121) of distance 899.5159809586487 away
2024-06-13 15:15:42,173 Moving toward ally
2024-06-13 15:15:42,440 Attacking (21, 121) of distance 851.8597302373203 away
2024-06-13 15:15:42,667 Moving toward ally
2024-06-13 15:15:43,168 Moving toward ally
2024-06-13 15:15:43,663 Moving toward ally
2024-06-13 15:15:44,169 Moving toward ally
2024-06-13 15:15:44,678 Moving toward ally
2024-06-13 15:15:44,813 Detected game mode/map None SAHA
2024-06-13 15:15:45,230 Moving toward ally
2024-06-13 15:15:45,737 Moving toward ally
2024-06-13 15:15:46,225 Moving toward ally
2024-06-13 15:15:46,874 Moving toward ally
2024-06-13 15:15:47,034 Clicking ok button None
2024-06-13 15:15:47,339 Moving toward ally
2024-06-13 15:15:47,815 Moving toward ally
2024-06-13 15:15:48,278 Collecting chicks: 1 (601, 58)
2024-06-13 15:15:48,742 Collecting chicks: 1 (600, 91)
2024-06-13 15:15:49,208 Collecting chicks: 1 (597, 157)
2024-06-13 15:15:49,661 Collecting chicks: 1 (697, 237)
2024-06-13 15:15:50,128 Collecting chicks: 1 (724, 274)
2024-06-13 15:15:50,634 Collecting chicks: 1 (763, 314)
2024-06-13 15:15:50,996 Attacking (14, 430) of distance 847.8171972778093 away
2024-06-13 15:15:51,103 Attacking (15, 437) of distance 850.3863827696208 away
2024-06-13 15:15:51,124 Collecting chicks: 1 (804, 364)
2024-06-13 15:15:51,211 Attacking (21, 450) of distance 849.2849933914999 away
2024-06-13 15:15:51,321 Attacking (21, 466) of distance 850.2123264220534 away
2024-06-13 15:15:51,431 Attacking (21, 485) of distance 851.136299308166 away
2024-06-13 15:15:51,539 Attacking (20, 529) of distance 850.4945620049549 away
2024-06-13 15:15:51,610 Collecting chicks: 1 (813, 412)
2024-06-13 15:15:51,647 Attacking (26, 553) of distance 846.0094562119267 away
2024-06-13 15:15:51,756 Attacking (34, 570) of distance 839.1007090927762 away
2024-06-13 15:15:51,865 Attacking (774, 461) of distance 135.79396157414362 away
2024-06-13 15:15:52,135 Moving toward ally
2024-06-13 15:15:52,145 Attacking (809, 478) of distance 97.67292357659824 away
2024-06-13 15:15:52,363 Attacking (843, 476) of distance 79.39773296511683 away
2024-06-13 15:15:52,586 Attacking (855, 466) of distance 96.17692030835671 away
2024-06-13 15:15:52,754 Collecting chicks: 1 (923, 502)
2024-06-13 15:15:52,800 Attacking (839, 466) of distance 129.13945950018532 away
2024-06-13 15:15:53,018 Attacking (833, 445) of distance 172.52536045462995 away
2024-06-13 15:15:53,238 Attacking (826, 437) of distance 157.2800050864699 away
2024-06-13 15:15:53,361 Moving toward ally
2024-06-13 15:15:53,440 Attacking (814, 462) of distance 118.87808881370864 away
2024-06-13 15:15:53,642 Attacking (797, 473) of distance 114.75626344561763 away
2024-06-13 15:15:53,831 Moving toward ally
2024-06-13 15:15:53,845 Attacking (766, 481) of distance 136.60527076214885 away
2024-06-13 15:15:54,061 Attacking (758, 459) of distance 191.4601786273062 away
2024-06-13 15:15:54,263 Attacking (738, 431) of distance 241.81397809059757 away
2024-06-13 15:15:54,414 Moving toward ally
2024-06-13 15:15:54,467 Attacking (706, 413) of distance 287.020905161976 away
2024-06-13 15:15:54,697 Attacking (572, 615) of distance 393.6000508130048 away
2024-06-13 15:15:54,992 Attacking (561, 536) of distance 408.0318615010353 away
2024-06-13 15:15:54,999 Moving toward ally
2024-06-13 15:15:55,223 Attacking (557, 477) of distance 414.030192135791 away
2024-06-13 15:15:55,443 Attacking (511, 463) of distance 436.0 away
2024-06-13 15:15:55,619 Moving toward ally
2024-06-13 15:15:55,663 Attacking (490, 466) of distance 442.01809917694544 away
2024-06-13 15:15:55,866 Attacking (481, 466) of distance 447.0548064835004 away
2024-06-13 15:15:56,067 Attacking (470, 473) of distance 454.1332403601392 away
2024-06-13 15:15:56,224 Moving toward ally
2024-06-13 15:15:56,286 Attacking (462, 478) of distance 461.27757370156206 away
2024-06-13 15:15:56,504 Attacking (483, 477) of distance 439.3290338686939 away
2024-06-13 15:15:56,704 Attacking (507, 477) of distance 448.361461323339 away
2024-06-13 15:15:56,858 Moving toward ally
2024-06-13 15:15:56,937 Attacking (516, 480) of distance 460.47909833129233 away
2024-06-13 15:15:57,138 Attacking (450, 475) of distance 533.2400960167943 away
2024-06-13 15:15:57,365 Moving toward ally
2024-06-13 15:15:57,372 Attacking (399, 471) of distance 587.1226447685356 away
2024-06-13 15:15:57,604 Attacking (403, 472) of distance 590.1025334634652 away
2024-06-13 15:15:57,807 Attacking (409, 476) of distance 553.6587396582844 away
2024-06-13 15:15:58,002 Moving toward ally
2024-06-13 15:15:58,024 Attacking (375, 486) of distance 564.1320767338088 away
2024-06-13 15:15:58,241 Attacking (396, 510) of distance 535.0149530620616 away
2024-06-13 15:15:58,457 Attacking (453, 521) of distance 478.1506038896114 away
2024-06-13 15:15:58,628 Moving toward ally
2024-06-13 15:15:58,676 Attacking (528, 540) of distance 408.897297618852 away
2024-06-13 15:15:58,909 Attacking (198, 538) of distance 726.4654155567214 away
2024-06-13 15:15:59,019 Attacking (240, 556) of distance 686.8944605978418 away
2024-06-13 15:15:59,281 Moving toward ally
2024-06-13 15:15:59,330 Attacking (307, 591) of distance 633.4800707204608 away
2024-06-13 15:15:59,548 Attacking (402, 641) of distance 560.9358252064134 away
2024-06-13 15:15:59,619 Clicking ok button None
2024-06-13 15:15:59,783 Attacking (483, 645) of distance 492.85393373696434 away
2024-06-13 15:15:59,937 Moving toward ally
2024-06-13 15:16:00,017 Attacking (531, 622) of distance 444.34333572137655 away
2024-06-13 15:16:00,232 Attacking (574, 588) of distance 405.3899357408864 away
2024-06-13 15:16:00,447 Attacking (593, 573) of distance 393.1780767031651 away
2024-06-13 15:16:00,572 Moving toward ally
2024-06-13 15:16:00,648 Attacking (614, 559) of distance 213.85976713725282 away
2024-06-13 15:16:00,883 Attacking (624, 537) of distance 360.4178131002962 away
2024-06-13 15:16:01,091 Moving toward ally
2024-06-13 15:16:01,101 Attacking (637, 516) of distance 345.7875070039402 away
2024-06-13 15:16:01,317 Attacking (647, 506) of distance 336.88573730569243 away
2024-06-13 15:16:01,519 Attacking (609, 506) of distance 372.49026832925443 away
2024-06-13 15:16:01,686 Moving toward ally
2024-06-13 15:16:01,736 Attacking (560, 499) of distance 418.226015450976 away
2024-06-13 15:16:01,969 Attacking (533, 478) of distance 438.1928799056415 away
2024-06-13 15:16:02,187 Attacking (519, 473) of distance 429.67080422109206 away
2024-06-13 15:16:02,317 Moving toward ally
2024-06-13 15:16:02,402 Attacking (524, 485) of distance 414.56000771902734 away
2024-06-13 15:16:02,603 Attacking (538, 490) of distance 404.7875986242662 away
2024-06-13 15:16:02,797 Moving toward ally
2024-06-13 15:16:02,821 Attacking (550, 464) of distance 400.0799920015996 away
2024-06-13 15:16:03,022 Attacking (562, 420) of distance 399.6561021678513 away
2024-06-13 15:16:03,243 Attacking (581, 386) of distance 393.086504474524 away
2024-06-13 15:16:03,384 Moving toward ally
2024-06-13 15:16:03,457 Attacking (605, 380) of distance 376.4066949457727 away
2024-06-13 15:16:03,675 Attacking (642, 366) of distance 354.6505322144604 away
2024-06-13 15:16:03,876 Attacking (675, 363) of distance 300.81555810828667 away
2024-06-13 15:16:04,008 Moving toward ally
2024-06-13 15:16:04,092 Attacking (663, 402) of distance 279.5514263959317 away
2024-06-13 15:16:04,310 Attacking (654, 443) of distance 290.70431713340616 away
2024-06-13 15:16:04,505 Moving toward ally
2024-06-13 15:16:05,114 Moving toward ally
2024-06-13 15:16:05,587 Moving toward ally
2024-06-13 15:16:06,074 Moving toward ally
2024-06-13 15:16:06,558 Moving toward ally
2024-06-13 15:16:07,040 Moving toward ally
2024-06-13 15:16:07,561 Moving toward ally
2024-06-13 15:16:08,077 Moving toward ally
2024-06-13 15:16:08,580 Moving toward ally
2024-06-13 15:16:09,078 Moving toward ally
2024-06-13 15:16:09,561 Moving toward ally
2024-06-13 15:16:10,030 Moving toward ally
2024-06-13 15:16:10,495 Moving toward ally
2024-06-13 15:16:10,987 Moving toward ally
2024-06-13 15:16:11,464 Moving toward ally
2024-06-13 15:16:11,981 Moving toward ally
2024-06-13 15:16:12,290 Clicking ok button None
2024-06-13 15:16:12,530 Collecting chicks: 2 (448, 111)
2024-06-13 15:16:12,997 Collecting chicks: 2 (485, 148)
2024-06-13 15:16:13,462 Collecting chicks: 2 (487, 177)
2024-06-13 15:16:13,483 Attacking (22, 632) of distance 926.3368717696602 away
2024-06-13 15:16:13,593 Attacking (42, 639) of distance 902.8826058796348 away
2024-06-13 15:16:13,705 Attacking (54, 643) of distance 889.9044892571338 away
2024-06-13 15:16:13,813 Attacking (84, 661) of distance 862.7149007638618 away
2024-06-13 15:16:13,922 Attacking (101, 675) of distance 847.0053128522867 away
2024-06-13 15:16:13,942 Collecting chicks: 2 (513, 215)
2024-06-13 15:16:14,031 Attacking (119, 687) of distance 829.9909638062333 away
2024-06-13 15:16:14,142 Attacking (158, 717) of distance 799.0400490588692 away
2024-06-13 15:16:14,250 Attacking (170, 711) of distance 778.041772657484 away
2024-06-13 15:16:14,362 Attacking (177, 708) of distance 767.5161236091395 away
2024-06-13 15:16:14,427 Collecting chicks: 2 (552, 242)
2024-06-13 15:16:14,468 Attacking (196, 699) of distance 742.4190191529309 away
2024-06-13 15:16:14,578 Attacking (206, 691) of distance 729.3072055039632 away
2024-06-13 15:16:14,685 Attacking (227, 669) of distance 702.2079464090391 away
2024-06-13 15:16:14,795 Attacking (237, 660) of distance 689.1632607735269 away
2024-06-13 15:16:14,943 Collecting chicks: 1 (607, 250)
2024-06-13 15:16:15,169 Attacking (328, 591) of distance 600.7936417772744 away
2024-06-13 15:16:15,352 Detected game mode/map None SAHA
2024-06-13 15:16:15,405 Attacking (369, 569) of distance 562.2988529243146 away
2024-06-13 15:16:15,570 Collecting chicks: 1 (707, 186)
2024-06-13 15:16:15,637 Attacking (407, 557) of distance 521.7068142165674 away
2024-06-13 15:16:15,855 Attacking (428, 559) of distance 501.35217163187804 away
2024-06-13 15:16:16,072 Attacking (563, 174) of distance 431.0823587204654 away
2024-06-13 15:16:16,209 Collecting chicks: 1 (790, 181)
2024-06-13 15:16:16,428 Attacking (636, 255) of distance 357.2897983430257 away
2024-06-13 15:16:16,676 Attacking (688, 327) of distance 285.70264261990997 away
2024-06-13 15:16:16,821 Collecting chicks: 1 (820, 319)
2024-06-13 15:16:16,908 Attacking (723, 342) of distance 256.3298656028985 away
2024-06-13 15:16:17,128 Attacking (773, 389) of distance 193.82982226685345 away
2024-06-13 15:16:17,330 Collecting chicks: 1 (852, 378)
2024-06-13 15:16:17,359 Attacking (799, 450) of distance 135.07405376311175 away
2024-06-13 15:16:17,592 Attacking (824, 488) of distance 100.18482919085105 away
2024-06-13 15:16:17,826 Attacking (819, 460) of distance 119.5198728245642 away
2024-06-13 15:16:17,963 Collecting chicks: 1 (901, 398)
2024-06-13 15:16:18,041 Attacking (808, 434) of distance 139.26234236145822 away
2024-06-13 15:16:18,242 Attacking (789, 414) of distance 158.8080602488425 away
2024-06-13 15:16:18,427 Moving toward ally
2024-06-13 15:16:18,443 Attacking (765, 433) of distance 178.10109488714548 away
2024-06-13 15:16:18,647 Attacking (773, 460) of distance 36.1386219991853 away
2024-06-13 15:16:18,865 Attacking (774, 475) of distance 34.52535300326414 away
2024-06-13 15:16:19,006 Moving toward ally
2024-06-13 15:16:19,082 Attacking (785, 480) of distance 25.495097567963924 away
2024-06-13 15:16:19,283 Attacking (812, 494) of distance 25.317977802344327 away
2024-06-13 15:16:19,492 Moving toward ally
2024-06-13 15:16:19,502 Attacking (844, 515) of distance 58.41232746604094 away
2024-06-13 15:16:19,719 Attacking (862, 532) of distance 82.97590011563598 away
2024-06-13 15:16:19,922 Attacking (886, 561) of distance 120.61509026651683 away
2024-06-13 15:16:20,135 Moving to arrows: 1 (1583, 911)
2024-06-13 15:16:20,139 Attacking (920, 588) of distance 163.41664541900252 away
2024-06-13 15:16:20,355 Attacking (925, 626) of distance 195.80091930325557 away
2024-06-13 15:16:20,572 Attacking (911, 656) of distance 213.49004660639332 away
2024-06-13 15:16:20,746 Moving to arrows: 1 (1583, 911)
2024-06-13 15:16:20,790 Attacking (881, 686) of distance 228.94977615188884 away
2024-06-13 15:16:21,023 Attacking (846, 719) of distance 252.87150887357797 away
2024-06-13 15:16:21,225 Attacking (784, 748) of distance 280.0303554973996 away
2024-06-13 15:16:21,382 Moving to arrows: 1 (1583, 911)
2024-06-13 15:16:21,443 Attacking (800, 762) of distance 293.10919466983626 away
2024-06-13 15:16:21,660 Attacking (753, 806) of distance 341.4586358550622 away
2024-06-13 15:16:21,892 Attacking (713, 844) of distance 386.846222677694 away
2024-06-13 15:16:22,055 Moving to arrows: 1 (1583, 911)
2024-06-13 15:16:22,133 Attacking (1104, 701) of distance 376.08509675338104 away
2024-06-13 15:16:22,482 Attacking (1075, 653) of distance 324.2606975876047 away
2024-06-13 15:16:22,670 Moving to arrows: 1 (1583, 911)
2024-06-13 15:16:22,700 Attacking (1065, 637) of distance 307.0390854598157 away
2024-06-13 15:16:22,914 Attacking (1043, 598) of distance 268.0783467570628 away
2024-06-13 15:16:23,133 Attacking (1025, 567) of distance 238.10291892372928 away
2024-06-13 15:16:23,345 Moving to arrows: 1 (1583, 911)
2024-06-13 15:16:23,354 Attacking (1016, 552) of distance 223.9486548296283 away
2024-06-13 15:16:23,556 Attacking (996, 517) of distance 194.03092537015849 away
2024-06-13 15:16:23,771 Attacking (979, 488) of distance 172.0523176246109 away
2024-06-13 15:16:23,970 Moving to arrows: 1 (1481, 911)
2024-06-13 15:16:23,991 Attacking (973, 479) of distance 165.3027525481654 away
2024-06-13 15:16:24,207 Attacking (961, 520) of distance 161.27616066858735 away
2024-06-13 15:16:24,421 Attacking (952, 551) of distance 165.71059109181888 away
2024-06-13 15:16:24,593 Moving to arrows: 1 (1326, 911)
2024-06-13 15:16:24,640 Attacking (943, 581) of distance 175.410946066658 away
2024-06-13 15:16:24,858 Attacking (933, 613) of distance 190.68560512005095 away
2024-06-13 15:16:25,075 Attacking (925, 635) of distance 203.08865059377393 away
2024-06-13 15:16:25,085 Clicking ok button None
2024-06-13 15:16:25,213 Moving to arrows: 1 (1141, 911)
2024-06-13 15:16:25,278 Attacking (918, 647) of distance 209.24626639440908 away
2024-06-13 15:16:25,483 Attacking (903, 670) of distance 222.3195897801181 away
2024-06-13 15:16:25,713 Attacking (899, 699) of distance 247.34793308212625 away
2024-06-13 15:16:25,860 Moving randomly
2024-06-13 15:16:25,935 Attacking (862, 707) of distance 244.0491753725056 away
2024-06-13 15:16:26,137 Attacking (829, 714) of distance 245.89835298350414 away
2024-06-13 15:16:26,314 Moving randomly
2024-06-13 15:16:26,355 Attacking (805, 727) of distance 258.0174412709342 away
2024-06-13 15:16:26,572 Attacking (780, 749) of distance 281.3965173913849 away
2024-06-13 15:16:26,752 Moving to arrows: 1 (356, 61)
2024-06-13 15:16:27,354 Moving to arrows: 1 (424, 61)
2024-06-13 15:16:27,847 Moving to arrows: 1 (453, 61)
2024-06-13 15:16:28,338 Moving toward ally
2024-06-13 15:16:28,799 Moving toward ally
2024-06-13 15:16:29,278 Moving toward ally
2024-06-13 15:16:29,767 Moving to arrows: 2 (1175, 79)
2024-06-13 15:16:30,257 Collecting chicks: 1 (150, 444)
2024-06-13 15:16:30,740 Moving to arrows: 2 (999, 61)
2024-06-13 15:16:31,227 Moving to arrows: 1 (409, 61)
2024-06-13 15:16:31,713 Moving toward ally
2024-06-13 15:16:32,179 Moving toward ally
2024-06-13 15:16:32,651 Moving toward ally
2024-06-13 15:16:33,151 Moving toward ally
2024-06-13 15:16:37,040 Clicking ok button None
