2024-06-13 15:20:38,120 Starting bot
2024-06-13 15:20:41,659 Starting threads
2024-06-13 15:20:41,663 Starting main loop
2024-06-13 15:20:41,663 Game region: (0, 0, 1616, 939)
2024-06-13 15:20:46,975 Detected game mode/map None 
2024-06-13 15:20:52,843 Detected game mode/map 4 SAHA
2024-06-13 15:20:52,979 Moving to hill: (808, 656)
2024-06-13 15:20:53,366 Moving to hill: (808, 656)
2024-06-13 15:20:53,742 Moving to hill: (808, 656)
2024-06-13 15:20:54,113 Moving to hill: (808, 656)
2024-06-13 15:20:54,486 Moving to hill: (808, 656)
2024-06-13 15:20:54,863 Moving to hill: (808, 656)
2024-06-13 15:20:55,251 Moving to hill: (808, 656)
2024-06-13 15:20:55,639 Moving to hill: (808, 656)
2024-06-13 15:20:56,022 Moving to hill: (808, 656)
2024-06-13 15:20:56,399 Moving to hill: (808, 656)
2024-06-13 15:20:56,783 Moving to hill: (808, 656)
2024-06-13 15:20:57,153 Moving to hill: (808, 656)
2024-06-13 15:20:57,513 Moving to hill: (397, 447)
2024-06-13 15:20:57,885 Moving to hill: (397, 448)
2024-06-13 15:20:57,984 Detected game mode/map 4 SAHA
2024-06-13 15:20:59,600 Moving to hill: (807, 904)
2024-06-13 15:20:59,978 Moving to hill: (807, 904)
2024-06-13 15:21:00,349 Moving to hill: (807, 904)
2024-06-13 15:21:00,726 Moving to hill: (807, 904)
2024-06-13 15:21:01,099 Moving to hill: (807, 904)
2024-06-13 15:21:01,473 Moving to hill: (807, 904)
2024-06-13 15:21:01,846 Moving to hill: (807, 904)
2024-06-13 15:21:02,221 Moving to hill: (807, 904)
2024-06-13 15:21:02,597 Moving to hill: (807, 904)
2024-06-13 15:21:02,983 Moving to hill: (807, 904)
2024-06-13 15:21:03,131 Detected game mode/map 4 SAHA
2024-06-13 15:21:03,424 Moving to hill: (807, 904)
2024-06-13 15:21:03,797 Moving to hill: (807, 904)
2024-06-13 15:21:04,169 Moving to hill: (807, 904)
2024-06-13 15:21:04,918 Moving toward ally at (1030, 315)
2024-06-13 15:21:05,289 Moving toward ally at (1000, 425)
2024-06-13 15:21:05,661 Moving toward ally at (953, 508)
2024-06-13 15:21:06,018 Moving toward ally at (906, 551)
2024-06-13 15:21:06,392 Moving toward ally at (866, 585)
2024-06-13 15:21:06,762 Moving toward ally at (832, 624)
2024-06-13 15:21:07,136 Moving toward ally at (1489, 988)
2024-06-13 15:21:07,509 Moving toward ally at (1543, 852)
2024-06-13 15:21:07,884 Moving toward ally at (1576, 777)
2024-06-13 15:21:08,258 Moving toward ally at (933, 552)
2024-06-13 15:21:08,361 Detected game mode/map None SAHA
2024-06-13 15:21:08,677 Moving toward ally at (971, 558)
2024-06-13 15:21:09,051 Moving toward ally at (1012, 544)
2024-06-13 15:21:09,659 Moving to hill: (1567, 608)
2024-06-13 15:21:09,855 Attacking (1598, 579) of distance 908.4426233945653 away
2024-06-13 15:21:09,963 Attacking (1590, 577) of distance 904.7679260451267 away
2024-06-13 15:21:10,049 Moving to hill: (1497, 665)
2024-06-13 15:21:10,071 Attacking (1581, 574) of distance 903.5939353492806 away
2024-06-13 15:21:10,181 Attacking (1551, 557) of distance 873.8890089708188 away
2024-06-13 15:21:10,290 Attacking (1534, 543) of distance 857.7651193654356 away
2024-06-13 15:21:10,400 Attacking (1521, 528) of distance 841.9037949789749 away
2024-06-13 15:21:10,439 Moving to hill: (1411, 627)
2024-06-13 15:21:10,513 Attacking (1503, 498) of distance 822.0492685964754 away
2024-06-13 15:21:10,619 Attacking (1490, 485) of distance 809.0098886911087 away
2024-06-13 15:21:10,727 Attacking (1464, 474) of distance 778.0411300182016 away
2024-06-13 15:21:10,835 Attacking (1269, 959) of distance 754.9072790747219 away
2024-06-13 15:21:10,843 Moving to hill: (1378, 624)
2024-06-13 15:21:10,942 Attacking (1252, 942) of distance 733.2700730290306 away
2024-06-13 15:21:11,052 Attacking (1223, 918) of distance 696.7955223736732 away
2024-06-13 15:21:11,251 Moving to hill: (1315, 617)
2024-06-13 15:21:11,425 Attacking (1192, 816) of distance 619.1195361156034 away
2024-06-13 15:21:11,665 Moving to hill: (1281, 450)
2024-06-13 15:21:11,675 Attacking (1169, 775) of distance 578.5058340241695 away
2024-06-13 15:21:11,893 Attacking (1154, 749) of distance 551.6747230026041 away
2024-06-13 15:21:12,096 Attacking (1265, 412) of distance 523.0420633180472 away
2024-06-13 15:21:12,190 Moving to hill: (1212, 438)
2024-06-13 15:21:12,405 Attacking (1211, 481) of distance 496.8832860944308 away
2024-06-13 15:21:12,639 Attacking (1167, 531) of distance 472.88582131419423 away
2024-06-13 15:21:12,757 Moving to hill: (1197, 578)
2024-06-13 15:21:12,857 Attacking (1129, 553) of distance 445.78582301369795 away
2024-06-13 15:21:13,062 Attacking (1096, 564) of distance 415.2216275677364 away
2024-06-13 15:21:13,183 Moving to hill: (950, 581)
2024-06-13 15:21:13,279 Attacking (1076, 415) of distance 372.1934980624997 away
2024-06-13 15:21:13,527 Attacking (1019, 408) of distance 322.49030993194197 away
2024-06-13 15:21:13,650 Moving to hill: (906, 623)
2024-06-13 15:21:13,760 Attacking (999, 432) of distance 305.761344842673 away
2024-06-13 15:21:13,963 Attacking (967, 446) of distance 274.24259333662957 away
2024-06-13 15:21:14,082 Moving to hill: (891, 539)
2024-06-13 15:21:14,183 Attacking (918, 462) of distance 224.6441630668378 away
2024-06-13 15:21:14,418 Attacking (867, 490) of distance 167.4305826305338 away
2024-06-13 15:21:14,528 Moving to hill: (720, 587)
2024-06-13 15:21:14,637 Attacking (834, 472) of distance 139.91783303067555 away
2024-06-13 15:21:14,855 Attacking (791, 460) of distance 100.71742649611338 away
2024-06-13 15:21:14,977 Moving to hill: (705, 562)
2024-06-13 15:21:15,088 Attacking (763, 434) of distance 81.02468759581859 away
2024-06-13 15:21:15,292 Attacking (754, 500) of distance 76.15773105863909 away
2024-06-13 15:21:15,409 Moving to hill: (757, 623)
2024-06-13 15:21:15,510 Attacking (730, 453) of distance 54.58937625582472 away
2024-06-13 15:21:15,733 Attacking (683, 423) of distance 25.709920264364882 away
2024-06-13 15:21:15,849 Moving to hill: (683, 558)
2024-06-13 15:21:15,948 Attacking (777, 405) of distance 43.266615305567875 away
2024-06-13 15:21:16,182 Attacking (873, 439) of distance 60.53924347066125 away
2024-06-13 15:21:16,300 Moving to hill: (880, 609)
2024-06-13 15:21:16,416 Attacking (945, 501) of distance 71.44928271158501 away
2024-06-13 15:21:16,665 Attacking (818, 495) of distance 79.64923100695951 away
2024-06-13 15:21:16,801 Moving to hill: (785, 594)
2024-06-13 15:21:16,928 Attacking (733, 438) of distance 107.20074626605917 away
2024-06-13 15:21:17,178 Attacking (715, 451) of distance 125.7179382586272 away
2024-06-13 15:21:17,283 Moving randomly
2024-06-13 15:21:17,381 Attacking (789, 448) of distance 151.34728276384746 away
2024-06-13 15:21:17,611 Moving to hill: (812, 471)
2024-06-13 15:21:17,616 Attacking (824, 441) of distance 145.60219778561037 away
2024-06-13 15:21:17,834 Attacking (843, 443) of distance 43.600458713183286 away
2024-06-13 15:21:18,035 Attacking (846, 441) of distance 47.20169488482378 away
2024-06-13 15:21:18,132 Moving to hill: (824, 473)
2024-06-13 15:21:18,237 Attacking (853, 434) of distance 57.0087712549569 away
2024-06-13 15:21:18,437 Attacking (876, 411) of distance 89.37561188601731 away
2024-06-13 15:21:18,546 Moving to hill: (825, 474)
2024-06-13 15:21:18,655 Attacking (868, 383) of distance 104.86181383134662 away
2024-06-13 15:21:18,874 Attacking (843, 377) of distance 98.43271813782245 away
2024-06-13 15:21:18,992 Moving randomly
2024-06-13 15:21:19,091 Attacking (820, 377) of distance 92.77930803794561 away
2024-06-13 15:21:19,311 Attacking (832, 370) of distance 101.86756107809788 away
2024-06-13 15:21:19,405 Moving to hill: (825, 474)
2024-06-13 15:21:19,513 Attacking (800, 384) of distance 85.37564055396598 away
2024-06-13 15:21:19,731 Attacking (848, 383) of distance 94.847245611035 away
2024-06-13 15:21:19,840 Moving to hill: (825, 474)
2024-06-13 15:21:19,948 Attacking (861, 372) of distance 110.5350623105628 away
2024-06-13 15:21:20,150 Attacking (864, 372) of distance 112.00446419674529 away
2024-06-13 15:21:20,259 Moving to hill: (825, 474)
2024-06-13 15:21:20,366 Attacking (851, 386) of distance 93.47726996441435 away
2024-06-13 15:21:20,584 Attacking (811, 414) of distance 55.08175741568164 away
2024-06-13 15:21:20,710 Moving to hill: (825, 474)
2024-06-13 15:21:20,817 Attacking (828, 437) of distance 37.73592452822641 away
2024-06-13 15:21:21,031 Attacking (836, 447) of distance 35.60898762952971 away
2024-06-13 15:21:21,143 Moving to hill: (825, 474)
2024-06-13 15:21:21,249 Attacking (825, 445) of distance 29.410882339705484 away
2024-06-13 15:21:21,452 Attacking (825, 439) of distance 34.48187929913334 away
2024-06-13 15:21:21,548 Moving to hill: (825, 474)
2024-06-13 15:21:21,651 Attacking (834, 439) of distance 39.698866482558415 away
2024-06-13 15:21:21,856 Attacking (767, 437) of distance 52.009614495783374 away
2024-06-13 15:21:21,982 Moving to hill: (825, 474)
2024-06-13 15:21:22,089 Attacking (840, 430) of distance 50.44799302251775 away
2024-06-13 15:21:22,309 Attacking (861, 422) of distance 70.83784299369935 away
2024-06-13 15:21:22,409 Moving to hill: (825, 474)
2024-06-13 15:21:22,510 Attacking (869, 481) of distance 62.169124169478216 away
2024-06-13 15:21:22,743 Attacking (840, 481) of distance 34.17601498127012 away
2024-06-13 15:21:22,845 Moving to hill: (825, 474)
2024-06-13 15:21:22,946 Attacking (788, 432) of distance 42.05948168962618 away
2024-06-13 15:21:23,162 Attacking (785, 426) of distance 48.76474136094643 away
2024-06-13 15:21:23,252 Moving toward ally at (1445, 441)
2024-06-13 15:21:23,364 Attacking (792, 415) of distance 56.32051136131489 away
2024-06-13 15:21:23,582 Attacking (801, 445) of distance 25.0 away
2024-06-13 15:21:23,688 Moving to hill: (825, 474)
2024-06-13 15:21:23,799 Attacking (827, 449) of distance 27.58622844826744 away
2024-06-13 15:21:24,000 Attacking (871, 405) of distance 89.80534505250787 away
2024-06-13 15:21:24,127 Moving to hill: (825, 474)
2024-06-13 15:21:24,235 Attacking (879, 424) of distance 84.05950273467005 away
2024-06-13 15:21:24,438 Attacking (847, 434) of distance 52.4022900262956 away
2024-06-13 15:21:24,548 Moving to hill: (825, 474)
2024-06-13 15:21:24,652 Attacking (876, 433) of distance 76.94153624668537 away
2024-06-13 15:21:24,886 Attacking (882, 431) of distance 83.18653737234168 away
2024-06-13 15:21:24,985 Moving to hill: (825, 474)
2024-06-13 15:21:25,088 Attacking (887, 428) of distance 89.00561780022653 away
2024-06-13 15:21:25,277 Attacking (837, 415) of distance 61.29437168288782 away
2024-06-13 15:21:25,405 Moving to hill: (893, 531)
2024-06-13 15:21:25,509 Attacking (824, 420) of distance 51.54609587543949 away
2024-06-13 15:21:25,728 Attacking (24, 172) of distance 924.2088508556927 away
2024-06-13 15:21:25,798 Moving toward ally at (123, 204)
2024-06-13 15:21:25,837 Attacking (21, 183) of distance 938.3187091814807 away
2024-06-13 15:21:26,198 Moving toward ally at (468, 234)
2024-06-13 15:21:26,255 Attacking (19, 228) of distance 930.1252603816328 away
2024-06-13 15:21:26,366 Attacking (40, 225) of distance 913.9857766945828 away
2024-06-13 15:21:26,472 Attacking (45, 225) of distance 911.3824663663439 away
2024-06-13 15:21:26,582 Attacking (54, 226) of distance 906.6449139547411 away
2024-06-13 15:21:26,593 Moving toward ally at (468, 227)
2024-06-13 15:21:26,691 Attacking (58, 228) of distance 902.8981116382955 away
2024-06-13 15:21:26,801 Attacking (77, 232) of distance 884.2725824088408 away
2024-06-13 15:21:26,907 Attacking (67, 234) of distance 894.9061403298114 away
2024-06-13 15:21:26,992 Moving toward ally at (445, 240)
2024-06-13 15:21:27,017 Attacking (69, 238) of distance 891.9310511468921 away
2024-06-13 15:21:27,127 Attacking (87, 241) of distance 873.5382075215715 away
2024-06-13 15:21:27,237 Attacking (154, 121) of distance 854.3213681045324 away
2024-06-13 15:21:27,344 Attacking (168, 121) of distance 841.2716564820189 away
2024-06-13 15:21:27,385 Moving toward ally at (416, 265)
2024-06-13 15:21:27,776 Moving toward ally at (383, 294)
2024-06-13 15:21:28,179 Moving to hill: (104, 387)
2024-06-13 15:21:28,330 Attacking (136, 309) of distance 828.7943049997388 away
2024-06-13 15:21:28,438 Attacking (137, 320) of distance 825.8674227743822 away
2024-06-13 15:21:28,548 Attacking (125, 343) of distance 831.7030720154879 away
2024-06-13 15:21:28,569 Moving toward ally at (259, 350)
2024-06-13 15:21:28,657 Attacking (119, 353) of distance 828.4841579656186 away
2024-06-13 15:21:28,762 Attacking (116, 372) of distance 825.960047459924 away
2024-06-13 15:21:28,872 Attacking (123, 387) of distance 813.4494452638098 away
2024-06-13 15:21:28,971 Moving toward ally at (211, 388)
2024-06-13 15:21:28,982 Attacking (136, 396) of distance 798.6438505366456 away
2024-06-13 15:21:29,089 Attacking (145, 398) of distance 787.6001523615902 away
2024-06-13 15:21:29,198 Attacking (148, 399) of distance 784.5100381766954 away
2024-06-13 15:21:29,308 Attacking (155, 411) of distance 775.4437439298869 away
2024-06-13 15:21:29,360 Moving to hill: (138, 499)
2024-06-13 15:21:29,418 Attacking (159, 423) of distance 770.4187173219507 away
2024-06-13 15:21:29,525 Attacking (166, 448) of distance 761.8989434301639 away
2024-06-13 15:21:29,635 Attacking (170, 458) of distance 753.8600665906106 away
2024-06-13 15:21:29,746 Attacking (183, 480) of distance 738.2194795587557 away
2024-06-13 15:21:29,753 Moving to hill: (224, 595)
2024-06-13 15:21:29,852 Attacking (188, 491) of distance 730.1540933255117 away
2024-06-13 15:21:29,960 Attacking (195, 509) of distance 722.0006925204435 away
2024-06-13 15:21:30,067 Attacking (200, 515) of distance 716.0062848886175 away
2024-06-13 15:21:30,134 Moving to hill: (181, 639)
2024-06-13 15:21:30,176 Attacking (181, 487) of distance 734.4603461045394 away
2024-06-13 15:21:30,284 Attacking (243, 539) of distance 671.4290729481409 away
2024-06-13 15:21:30,549 Moving to hill: (239, 661)
2024-06-13 15:21:30,657 Attacking (324, 538) of distance 597.8202070857091 away
2024-06-13 15:21:30,903 Attacking (377, 540) of distance 542.3882373355823 away
2024-06-13 15:21:31,015 Moving to hill: (369, 488)
2024-06-13 15:21:31,120 Attacking (420, 554) of distance 499.52477416040136 away
2024-06-13 15:21:31,322 Attacking (440, 481) of distance 467.8001710132223 away
2024-06-13 15:21:31,442 Moving to hill: (459, 469)
2024-06-13 15:21:31,553 Attacking (496, 458) of distance 409.23953865676276 away
2024-06-13 15:21:31,771 Attacking (569, 437) of distance 339.42598604113977 away
2024-06-13 15:21:31,892 Moving to hill: (544, 484)
2024-06-13 15:21:32,003 Attacking (612, 422) of distance 301.37849956491584 away
2024-06-13 15:21:32,238 Attacking (640, 404) of distance 296.1840643923977 away
2024-06-13 15:21:32,340 Moving to hill: (638, 505)
2024-06-13 15:21:32,440 Attacking (614, 419) of distance 326.4965543462901 away
2024-06-13 15:21:32,655 Attacking (665, 452) of distance 271.9191056178289 away
2024-06-13 15:21:32,772 Moving to hill: (665, 575)
2024-06-13 15:21:32,875 Attacking (727, 443) of distance 199.37151250868317 away
2024-06-13 15:21:33,090 Attacking (785, 452) of distance 133.4541119636259 away
2024-06-13 15:21:33,208 Moving to hill: (780, 575)
2024-06-13 15:21:33,311 Attacking (839, 475) of distance 74.33034373659252 away
2024-06-13 15:21:33,545 Attacking (887, 474) of distance 73.3348484691964 away
2024-06-13 15:21:33,671 Moving to hill: (823, 546)
2024-06-13 15:21:33,779 Attacking (823, 469) of distance 125.39936203984452 away
2024-06-13 15:21:33,997 Attacking (748, 464) of distance 124.31009613060397 away
2024-06-13 15:21:34,128 Moving to hill: (717, 539)
2024-06-13 15:21:34,242 Attacking (765, 507) of distance 73.348483283569 away
2024-06-13 15:21:34,464 Attacking (809, 568) of distance 54.3323108288245 away
2024-06-13 15:21:34,593 Moving to hill: (785, 703)
2024-06-13 15:21:34,694 Attacking (773, 508) of distance 58.60034129593444 away
2024-06-13 15:21:34,913 Attacking (759, 434) of distance 41.10960958218893 away
2024-06-13 15:21:35,028 Moving to hill: (775, 509)
2024-06-13 15:21:35,130 Attacking (776, 408) of distance 34.43835071544513 away
2024-06-13 15:21:35,346 Attacking (820, 422) of distance 80.08120878208571 away
2024-06-13 15:21:35,465 Moving to hill: (903, 582)
2024-06-13 15:21:35,577 Attacking (805, 467) of distance 141.06027080648897 away
2024-06-13 15:21:35,793 Attacking (943, 393) of distance 122.40914998479484 away
2024-06-13 15:21:35,946 Moving to hill: (913, 629)
2024-06-13 15:21:36,057 Attacking (871, 449) of distance 110.01818031580052 away
2024-06-13 15:21:36,289 Attacking (817, 443) of distance 140.54536634126364 away
2024-06-13 15:21:36,401 Moving to hill: (782, 557)
2024-06-13 15:21:36,508 Attacking (785, 464) of distance 119.41942890501528 away
2024-06-13 15:21:36,724 Attacking (821, 508) of distance 96.42613753542138 away
2024-06-13 15:21:36,854 Moving to hill: (730, 695)
2024-06-13 15:21:36,957 Attacking (773, 501) of distance 68.09552114493287 away
2024-06-13 15:21:37,173 Attacking (695, 469) of distance 53.15072906367325 away
2024-06-13 15:21:37,311 Moving to hill: (644, 623)
2024-06-13 15:21:37,423 Attacking (650, 430) of distance 162.74212730574712 away
2024-06-13 15:21:37,641 Attacking (681, 427) of distance 133.7647188162858 away
2024-06-13 15:21:37,757 Moving to hill: (677, 503)
2024-06-13 15:21:37,860 Attacking (715, 432) of distance 100.08995953640904 away
2024-06-13 15:21:38,079 Attacking (716, 422) of distance 103.31021246711286 away
2024-06-13 15:21:38,179 Moving toward ally at (1212, 481)
2024-06-13 15:21:38,281 Attacking (711, 417) of distance 110.05907504608605 away
2024-06-13 15:21:38,488 Attacking (712, 412) of distance 111.64676439557037 away
2024-06-13 15:21:38,585 Moving to hill: (674, 497)
2024-06-13 15:21:38,674 Detected game mode/map None SAHA
2024-06-13 15:21:38,687 Attacking (725, 412) of distance 100.68763578513501 away
2024-06-13 15:21:38,905 Attacking (744, 422) of distance 79.40403012442127 away
2024-06-13 15:21:39,108 Attacking (729, 403) of distance 102.9417310909429 away
2024-06-13 15:21:39,154 Moving to hill: (673, 496)
2024-06-13 15:21:39,309 Attacking (694, 395) of distance 135.91173606425605 away
2024-06-13 15:21:39,529 Attacking (666, 396) of distance 159.66527487215248 away
2024-06-13 15:21:39,632 Moving to hill: (608, 511)
2024-06-13 15:21:39,746 Attacking (627, 397) of distance 194.79476378999513 away
2024-06-13 15:21:39,963 Attacking (603, 419) of distance 211.00947846009194 away
2024-06-13 15:21:40,087 Moving to hill: (674, 496)
2024-06-13 15:21:40,193 Attacking (580, 676) of distance 307.9496712126837 away
2024-06-13 15:21:40,478 Moving to hill: (674, 496)
2024-06-13 15:21:40,503 Attacking (619, 649) of distance 261.0 away
2024-06-13 15:21:40,720 Attacking (653, 626) of distance 220.62184841941655 away
2024-06-13 15:21:40,952 Attacking (684, 605) of distance 184.04347312523745 away
2024-06-13 15:21:41,067 Moving to hill: (674, 496)
2024-06-13 15:21:41,170 Attacking (700, 589) of distance 161.44348856488455 away
2024-06-13 15:21:41,373 Attacking (711, 576) of distance 144.42298985964803 away
2024-06-13 15:21:41,482 Moving to hill: (674, 496)
2024-06-13 15:21:41,588 Attacking (723, 547) of distance 115.36463929644992 away
2024-06-13 15:21:41,789 Attacking (721, 529) of distance 105.68348972285122 away
2024-06-13 15:21:41,902 Moving to hill: (674, 496)
2024-06-13 15:21:42,009 Attacking (710, 513) of distance 107.42439201596629 away
2024-06-13 15:21:42,212 Attacking (706, 493) of distance 104.78549517943787 away
2024-06-13 15:21:42,315 Moving to hill: (722, 567)
2024-06-13 15:21:42,415 Attacking (704, 479) of distance 104.4796630928718 away
2024-06-13 15:21:42,616 Attacking (696, 456) of distance 112.75194011634568 away
2024-06-13 15:21:42,762 Moving to hill: (674, 498)
2024-06-13 15:21:42,835 Attacking (681, 431) of distance 132.5631924781536 away
2024-06-13 15:21:43,053 Attacking (667, 409) of distance 153.2351134694656 away
2024-06-13 15:21:43,260 Moving to hill: (666, 496)
2024-06-13 15:21:43,272 Attacking (666, 383) of distance 166.01204775557707 away
2024-06-13 15:21:43,472 Attacking (670, 358) of distance 177.1016657177453 away
2024-06-13 15:21:43,674 Attacking (674, 335) of distance 189.50461735799476 away
2024-06-13 15:21:43,771 Moving to hill: (674, 496)
2024-06-13 15:21:43,876 Attacking (677, 323) of distance 196.15555052049893 away
2024-06-13 15:21:44,073 Detected game mode/map None SAHA
2024-06-13 15:21:44,093 Attacking (681, 317) of distance 198.07321878537746 away
2024-06-13 15:21:44,282 Attacking (709, 291) of distance 203.67866849525507 away
2024-06-13 15:21:44,388 Moving to hill: (674, 496)
2024-06-13 15:21:44,498 Attacking (617, 419) of distance 197.436065600994 away
2024-06-13 15:21:44,763 Attacking (644, 421) of distance 170.88007490635061 away
2024-06-13 15:21:44,862 Moving to hill: (674, 496)
2024-06-13 15:21:44,966 Attacking (622, 398) of distance 199.090431713832 away
2024-06-13 15:21:45,183 Attacking (618, 398) of distance 202.83244316430248 away
2024-06-13 15:21:45,282 Moving to hill: (674, 496)
2024-06-13 15:21:45,655 Moving toward ally at (83, 184)
2024-06-13 15:21:45,773 Attacking (30, 144) of distance 944.3225084683728 away
2024-06-13 15:21:45,882 Attacking (39, 143) of distance 936.9749196216512 away
2024-06-13 15:21:45,992 Attacking (39, 154) of distance 933.1886197334385 away
2024-06-13 15:21:46,042 Moving toward ally at (103, 184)
2024-06-13 15:21:46,100 Attacking (38, 160) of distance 931.70166899067 away
2024-06-13 15:21:46,210 Attacking (50, 163) of distance 919.1049994423923 away
2024-06-13 15:21:46,317 Attacking (62, 167) of distance 904.8032935395406 away
2024-06-13 15:21:46,426 Attacking (70, 169) of distance 896.2332285739019 away
2024-06-13 15:21:46,433 Moving toward ally at (168, 194)
2024-06-13 15:21:46,533 Attacking (92, 172) of distance 873.7373747299587 away
2024-06-13 15:21:46,643 Attacking (106, 173) of distance 861.0929102019132 away
2024-06-13 15:21:46,752 Attacking (115, 177) of distance 851.3189766474139 away
2024-06-13 15:21:46,821 Moving toward ally at (206, 190)
2024-06-13 15:21:46,862 Attacking (117, 197) of distance 843.5650538043881 away
2024-06-13 15:21:46,968 Attacking (112, 210) of distance 851.7118057183428 away
2024-06-13 15:21:47,077 Attacking (102, 211) of distance 867.8271717340959 away
2024-06-13 15:21:47,187 Attacking (100, 214) of distance 871.6742510823639 away
2024-06-13 15:21:47,207 Moving toward ally at (201, 177)
2024-06-13 15:21:47,295 Attacking (98, 226) of distance 870.3562489004142 away
2024-06-13 15:21:47,405 Attacking (98, 234) of distance 869.1357776550221 away
2024-06-13 15:21:47,513 Attacking (100, 254) of distance 863.9033510758019 away
2024-06-13 15:21:47,598 Moving toward ally at (216, 220)
2024-06-13 15:21:47,622 Attacking (104, 276) of distance 855.696792094022 away
2024-06-13 15:21:47,732 Attacking (107, 289) of distance 850.6850180883639 away
2024-06-13 15:21:47,838 Attacking (113, 317) of distance 839.2216632094289 away
2024-06-13 15:21:47,948 Attacking (117, 332) of distance 833.6576035759525 away
2024-06-13 15:21:47,983 Moving to hill: (73, 461)
2024-06-13 15:21:48,058 Attacking (121, 346) of distance 829.3979744368804 away
2024-06-13 15:21:48,166 Attacking (129, 378) of distance 820.2353320846402 away
2024-06-13 15:21:48,276 Attacking (125, 395) of distance 823.5107771000935 away
2024-06-13 15:21:48,383 Attacking (124, 425) of distance 822.0006082722809 away
2024-06-13 15:21:48,390 Moving to hill: (116, 387)
2024-06-13 15:21:48,494 Attacking (120, 439) of distance 821.1370165812767 away
2024-06-13 15:21:48,602 Attacking (103, 472) of distance 832.385127209755 away
2024-06-13 15:21:48,713 Attacking (96, 485) of distance 838.1503445086687 away
2024-06-13 15:21:48,779 Moving to hill: (35, 616)
2024-06-13 15:21:48,820 Attacking (194, 201) of distance 769.3321779309637 away
2024-06-13 15:21:48,930 Attacking (199, 206) of distance 762.1423751504702 away
2024-06-13 15:21:49,038 Attacking (209, 217) of distance 748.4817967058384 away
2024-06-13 15:21:49,148 Attacking (213, 221) of distance 742.5712087066129 away
2024-06-13 15:21:49,171 Moving to hill: (154, 436)
2024-06-13 15:21:49,400 Detected game mode/map None SAHA
2024-06-13 15:21:49,713 Moving to hill: (126, 579)
2024-06-13 15:21:49,818 Attacking (376, 132) of distance 646.7781690811773 away
2024-06-13 15:21:50,088 Moving to hill: (138, 603)
2024-06-13 15:21:50,159 Attacking (435, 152) of distance 600.6371616874866 away
2024-06-13 15:21:50,393 Attacking (466, 164) of distance 569.9561386633186 away
2024-06-13 15:21:50,507 Moving to hill: (229, 600)
2024-06-13 15:21:50,596 Attacking (518, 183) of distance 526.9316843766372 away
2024-06-13 15:21:50,812 Attacking (546, 197) of distance 490.881859514079 away
2024-06-13 15:21:50,924 Moving to hill: (285, 600)
2024-06-13 15:21:51,028 Attacking (566, 208) of distance 467.9754267052919 away
2024-06-13 15:21:51,232 Attacking (602, 226) of distance 429.2225529955293 away
2024-06-13 15:21:51,361 Moving to hill: (357, 607)
2024-06-13 15:21:51,462 Attacking (612, 239) of distance 411.9927183822549 away
2024-06-13 15:21:51,681 Attacking (631, 262) of distance 378.8667311865743 away
2024-06-13 15:21:51,792 Moving to hill: (456, 613)
2024-06-13 15:21:51,895 Attacking (656, 286) of distance 347.8965363437814 away
2024-06-13 15:21:52,113 Attacking (678, 308) of distance 316.4316671889841 away
2024-06-13 15:21:52,228 Moving to hill: (542, 616)
2024-06-13 15:21:52,331 Attacking (693, 323) of distance 296.24989451474914 away
2024-06-13 15:21:52,532 Attacking (714, 346) of distance 266.101484400219 away
2024-06-13 15:21:52,649 Moving to hill: (638, 619)
2024-06-13 15:21:52,749 Attacking (98, 577) of distance 727.0990303940721 away
2024-06-13 15:21:52,858 Attacking (102, 582) of distance 720.0340269737258 away
2024-06-13 15:21:52,967 Attacking (153, 583) of distance 667.026985960838 away
2024-06-13 15:21:53,072 Moving to hill: (727, 624)
2024-06-13 15:21:53,403 Attacking (434, 486) of distance 456.0175435221763 away
2024-06-13 15:21:53,674 Moving to hill: (953, 496)
2024-06-13 15:21:53,713 Attacking (557, 454) of distance 357.34717013011306 away
2024-06-13 15:21:53,962 Attacking (617, 444) of distance 330.96374423794515 away
2024-06-13 15:21:54,182 Attacking (638, 439) of distance 344.2165016381405 away
2024-06-13 15:21:54,285 Moving to hill: (969, 480)
2024-06-13 15:21:54,397 Attacking (629, 440) of distance 363.9890108231291 away
2024-06-13 15:21:54,600 Attacking (618, 442) of distance 346.7636082405418 away
2024-06-13 15:21:54,703 Moving to hill: (990, 580)
2024-06-13 15:21:54,803 Attacking (636, 449) of distance 305.026228380446 away
2024-06-13 15:21:55,006 Attacking (672, 458) of distance 271.0903908293321 away
2024-06-13 15:21:55,121 Moving to hill: (968, 587)
2024-06-13 15:21:55,223 Attacking (702, 448) of distance 253.17977802344328 away
2024-06-13 15:21:55,425 Attacking (722, 442) of distance 241.62988225796906 away
2024-06-13 15:21:55,528 Moving to hill: (942, 488)
2024-06-13 15:21:55,628 Attacking (738, 438) of distance 232.2154172315008 away
2024-06-13 15:21:55,847 Attacking (774, 436) of distance 187.00267377767625 away
2024-06-13 15:21:55,953 Moving to hill: (932, 470)
2024-06-13 15:21:56,352 Moving to hill: (880, 763)
2024-06-13 15:21:56,756 Moving to hill: (743, 707)
2024-06-13 15:21:57,147 Moving to hill: (761, 571)
2024-06-13 15:21:57,520 Moving to hill: (744, 559)
2024-06-13 15:21:57,906 Moving to hill: (741, 557)
2024-06-13 15:21:58,295 Moving to hill: (741, 556)
2024-06-13 15:21:58,338 Attacking (122, 121) of distance 769.2203845452875 away
2024-06-13 15:21:58,447 Attacking (114, 125) of distance 774.5785951083336 away
2024-06-13 15:21:58,554 Attacking (93, 136) of distance 788.7420364098772 away
2024-06-13 15:21:58,662 Attacking (77, 146) of distance 799.1808306009348 away
2024-06-13 15:21:58,700 Moving to hill: (741, 556)
2024-06-13 15:21:58,773 Attacking (68, 151) of distance 805.4340444753996 away
2024-06-13 15:21:58,881 Attacking (46, 163) of distance 821.1455413019058 away
2024-06-13 15:21:58,992 Attacking (38, 168) of distance 826.7411928771905 away
2024-06-13 15:21:59,098 Attacking (30, 179) of distance 830.2915150716644 away
2024-06-13 15:21:59,107 Moving to hill: (741, 556)
2024-06-13 15:21:59,206 Attacking (26, 187) of distance 831.2929688142442 away
2024-06-13 15:21:59,314 Attacking (735, 550) of distance 109.04127658827184 away
2024-06-13 15:21:59,538 Moving to hill: (741, 556)
2024-06-13 15:21:59,640 Attacking (766, 540) of distance 82.49242389456137 away
2024-06-13 15:21:59,940 Moving to hill: (741, 556)
2024-06-13 15:22:00,361 Moving to hill: (741, 556)
2024-06-13 15:22:00,632 Attacking (750, 505) of distance 68.26419266350405 away
2024-06-13 15:22:00,765 Moving to hill: (741, 556)
2024-06-13 15:22:00,851 Attacking (736, 524) of distance 90.60353193998564 away
2024-06-13 15:22:01,065 Attacking (730, 540) of distance 105.47511554864494 away
2024-06-13 15:22:01,244 Moving to hill: (706, 662)
2024-06-13 15:22:01,268 Attacking (737, 547) of distance 105.47511554864494 away
2024-06-13 15:22:01,471 Attacking (731, 542) of distance 106.10372283760829 away
2024-06-13 15:22:01,673 Attacking (733, 538) of distance 101.91172650877817 away
2024-06-13 15:22:01,776 Moving to hill: (708, 651)
2024-06-13 15:22:01,876 Attacking (734, 534) of distance 98.49365461794989 away
2024-06-13 15:22:02,080 Attacking (736, 530) of distance 94.36630754670864 away
2024-06-13 15:22:02,196 Moving to hill: (698, 636)
2024-06-13 15:22:02,282 Attacking (746, 504) of distance 71.19691004531025 away
2024-06-13 15:22:02,501 Attacking (757, 475) of distance 51.35172830587107 away
2024-06-13 15:22:02,625 Moving randomly
2024-06-13 15:22:02,717 Attacking (764, 455) of distance 46.17358552246078 away
2024-06-13 15:22:02,938 Attacking (761, 433) of distance 59.20304046246274 away
2024-06-13 15:22:03,030 Moving to hill: (741, 556)
2024-06-13 15:22:03,139 Attacking (758, 425) of distance 66.60330322138684 away
2024-06-13 15:22:03,342 Attacking (775, 526) of distance 65.86349520030045 away
2024-06-13 15:22:03,477 Moving to hill: (741, 556)
2024-06-13 15:22:03,578 Attacking (741, 508) of distance 77.52418977325723 away
2024-06-13 15:22:03,796 Attacking (757, 495) of distance 57.245087125446844 away
2024-06-13 15:22:03,910 Moving to hill: (741, 556)
2024-06-13 15:22:04,012 Attacking (781, 502) of distance 42.63801121065569 away
2024-06-13 15:22:04,214 Attacking (781, 502) of distance 42.63801121065569 away
2024-06-13 15:22:04,313 Moving to hill: (741, 556)
2024-06-13 15:22:04,400 Attacking (773, 501) of distance 47.423622805517496 away
2024-06-13 15:22:04,602 Attacking (772, 483) of distance 38.62641583165593 away
2024-06-13 15:22:04,719 Moving randomly
2024-06-13 15:22:04,821 Attacking (782, 482) of distance 29.068883707497267 away
2024-06-13 15:22:05,038 Attacking (775, 500) of distance 45.27692569068709 away
2024-06-13 15:22:05,145 Moving to hill: (741, 556)
2024-06-13 15:22:05,256 Attacking (738, 492) of distance 73.68174807915459 away
2024-06-13 15:22:05,558 Moving toward ally at (1223, 191)
2024-06-13 15:22:05,943 Moving toward ally at (1199, 151)
2024-06-13 15:22:06,666 Moving to arrows: 1 (1046, 75)
2024-06-13 15:22:08,933 Attacking (31, 121) of distance 888.3991220166755 away
2024-06-13 15:22:09,079 Moving toward ally at (491, 217)
2024-06-13 15:22:09,457 Moving toward ally at (423, 274)
2024-06-13 15:22:09,846 Moving toward ally at (341, 315)
2024-06-13 15:22:10,231 Moving toward ally at (264, 337)
2024-06-13 15:22:10,623 Moving toward ally at (243, 355)
2024-06-13 15:22:11,028 Moving toward ally at (222, 404)
2024-06-13 15:22:11,416 Moving toward ally at (162, 455)
2024-06-13 15:22:11,806 Moving toward ally at (141, 510)
2024-06-13 15:22:12,193 Moving toward ally at (180, 559)
2024-06-13 15:22:12,314 Attacking (29, 487) of distance 668.2252614201292 away
2024-06-13 15:22:12,638 Moving toward ally at (234, 564)
2024-06-13 15:22:12,877 Attacking (306, 483) of distance 555.921757084574 away
2024-06-13 15:22:13,143 Moving to hill: (375, 510)
2024-06-13 15:22:13,186 Attacking (392, 441) of distance 510.2714963624757 away
2024-06-13 15:22:13,417 Attacking (482, 420) of distance 429.2842880889074 away
2024-06-13 15:22:13,635 Attacking (572, 448) of distance 338.24547299261815 away
2024-06-13 15:22:13,706 Moving to hill: (497, 508)
2024-06-13 15:22:13,867 Attacking (565, 553) of distance 354.80276210875246 away
2024-06-13 15:22:14,102 Attacking (604, 555) of distance 322.0248437620924 away
2024-06-13 15:22:14,199 Moving to hill: (584, 487)
2024-06-13 15:22:14,302 Attacking (642, 520) of distance 279.55679208346913 away
2024-06-13 15:22:14,551 Attacking (676, 474) of distance 236.48467180770933 away
2024-06-13 15:22:14,667 Moving to hill: (652, 452)
2024-06-13 15:22:14,771 Attacking (706, 448) of distance 205.65018842685268 away
2024-06-13 15:22:14,991 Attacking (730, 437) of distance 187.0 away
2024-06-13 15:22:15,106 Moving to hill: (715, 469)
2024-06-13 15:22:15,212 Attacking (762, 433) of distance 165.97891432347663 away
2024-06-13 15:22:15,427 Attacking (789, 423) of distance 146.56397920362286 away
2024-06-13 15:22:15,537 Moving to hill: (774, 498)
2024-06-13 15:22:15,643 Attacking (803, 430) of distance 133.7235955244997 away
2024-06-13 15:22:15,862 Attacking (821, 451) of distance 121.82364302548172 away
2024-06-13 15:22:15,968 Moving to hill: (795, 555)
2024-06-13 15:22:16,078 Attacking (823, 506) of distance 84.59905436823747 away
2024-06-13 15:22:16,296 Attacking (817, 504) of distance 85.14693182963201 away
2024-06-13 15:22:16,390 Moving to hill: (861, 674)
2024-06-13 15:22:16,498 Attacking (861, 511) of distance 49.92995093127972 away
2024-06-13 15:22:16,718 Attacking (860, 531) of distance 56.85947590331799 away
2024-06-13 15:22:16,818 Moving to hill: (880, 686)
2024-06-13 15:22:16,920 Attacking (860, 520) of distance 72.83543093852057 away
2024-06-13 15:22:17,121 Attacking (898, 476) of distance 90.27181176868005 away
2024-06-13 15:22:17,252 Moving to hill: (902, 541)
2024-06-13 15:22:17,356 Attacking (913, 457) of distance 105.6834897228512 away
2024-06-13 15:22:17,555 Attacking (913, 454) of distance 106.06601717798213 away
2024-06-13 15:22:17,652 Moving toward ally at (869, 751)
2024-06-13 15:22:17,759 Attacking (924, 460) of distance 116.3486140871476 away
2024-06-13 15:22:17,975 Attacking (906, 437) of distance 103.09219175087898 away
2024-06-13 15:22:18,091 Moving to hill: (906, 535)
2024-06-13 15:22:18,194 Attacking (896, 433) of distance 95.0789145920377 away
2024-06-13 15:22:18,396 Attacking (896, 468) of distance 88.0056816347672 away
2024-06-13 15:22:18,500 Moving to hill: (905, 535)
2024-06-13 15:22:18,598 Attacking (901, 469) of distance 93.0 away
2024-06-13 15:22:18,801 Attacking (909, 469) of distance 101.0 away
2024-06-13 15:22:18,900 Moving to hill: (905, 535)
2024-06-13 15:22:19,002 Attacking (915, 465) of distance 107.07474025184464 away
2024-06-13 15:22:19,207 Attacking (904, 460) of distance 96.42095207992918 away
2024-06-13 15:22:19,308 Moving to hill: (944, 594)
2024-06-13 15:22:19,408 Attacking (901, 469) of distance 93.0 away
2024-06-13 15:22:19,612 Attacking (894, 490) of distance 88.52683209061533 away
2024-06-13 15:22:19,723 Detected game mode/map None SAHA
2024-06-13 15:22:19,731 Moving to hill: (857, 605)
2024-06-13 15:22:19,831 Attacking (906, 514) of distance 107.83784122468329 away
2024-06-13 15:22:20,035 Attacking (921, 538) of distance 132.4009063413087 away
2024-06-13 15:22:20,140 Moving to hill: (880, 662)
2024-06-13 15:22:20,525 Moving to hill: (912, 535)
2024-06-13 15:22:20,917 Moving to hill: (905, 535)
2024-06-13 15:22:21,317 Moving to hill: (905, 535)
2024-06-13 15:22:21,693 Moving to hill: (905, 535)
2024-06-13 15:22:22,082 Moving to hill: (905, 535)
2024-06-13 15:22:22,468 Moving to hill: (905, 535)
2024-06-13 15:22:22,855 Moving to hill: (905, 535)
2024-06-13 15:22:23,250 Moving to hill: (905, 535)
2024-06-13 15:22:23,648 Moving to hill: (905, 535)
2024-06-13 15:22:24,058 Moving to hill: (905, 535)
2024-06-13 15:22:24,462 Moving to hill: (905, 535)
2024-06-13 15:22:24,867 Moving to hill: (905, 535)
2024-06-13 15:22:24,928 Detected game mode/map None SAHA
2024-06-13 15:22:25,396 Moving toward ally at (1403, 413)
2024-06-13 15:22:25,782 Moving toward ally at (1417, 408)
2024-06-13 15:22:26,171 Moving toward ally at (1419, 439)
2024-06-13 15:22:26,561 Moving toward ally at (1410, 489)
2024-06-13 15:22:26,945 Moving toward ally at (1341, 556)
2024-06-13 15:22:27,331 Moving toward ally at (1269, 639)
2024-06-13 15:22:27,721 Moving toward ally at (1177, 738)
2024-06-13 15:22:28,095 Moving toward ally at (1080, 805)
2024-06-13 15:22:28,626 Moving toward ally at (1131, 713)
2024-06-13 15:22:29,000 Moving toward ally at (1097, 811)
2024-06-13 15:22:31,012 Moving to arrows: 2 (491, 911)
2024-06-13 15:22:31,431 Moving to arrows: 1 (419, 911)
2024-06-13 15:22:31,806 Moving toward ally at (505, 927)
2024-06-13 15:22:31,972 Attacking (783, 918) of distance 514.3510474374481 away
2024-06-13 15:22:32,199 Moving to hill: (541, 957)
2024-06-13 15:22:32,279 Attacking (806, 844) of distance 468.61498055439927 away
2024-06-13 15:22:32,506 Attacking (788, 793) of distance 436.1651063530873 away
2024-06-13 15:22:32,701 Moving to hill: (615, 931)
2024-06-13 15:22:32,725 Attacking (763, 812) of distance 475.76674957378015 away
2024-06-13 15:22:32,957 Attacking (769, 819) of distance 491.36747959139507 away
2024-06-13 15:22:33,213 Moving to hill: (687, 947)
2024-06-13 15:22:33,269 Attacking (787, 941) of distance 614.0293152610876 away
2024-06-13 15:22:33,769 Moving toward ally at (711, 791)
2024-06-13 15:22:34,047 Attacking (1532, 1017) of distance 988.9575319496788 away
2024-06-13 15:22:34,147 Moving toward ally at (485, 1014)
2024-06-13 15:22:34,158 Attacking (1458, 999) of distance 922.3036376378443 away
2024-06-13 15:22:34,267 Attacking (1418, 988) of distance 887.8659808777448 away
2024-06-13 15:22:34,374 Attacking (1347, 964) of distance 819.6981151619174 away
2024-06-13 15:22:34,484 Attacking (1274, 937) of distance 750.29660801579 away
2024-06-13 15:22:34,536 Moving to hill: (537, 955)
2024-06-13 15:22:34,595 Attacking (1245, 926) of distance 722.9342985361809 away
2024-06-13 15:22:34,702 Attacking (1177, 899) of distance 660.4801283914603 away
2024-06-13 15:22:34,971 Moving to hill: (406, 977)
2024-06-13 15:22:35,077 Attacking (1076, 836) of distance 558.9508028440428 away
2024-06-13 15:22:35,323 Attacking (1020, 781) of distance 493.3609226519668 away
2024-06-13 15:22:35,440 Moving to hill: (494, 823)
2024-06-13 15:22:35,559 Attacking (994, 749) of distance 458.9956426808428 away
2024-06-13 15:22:35,773 Attacking (974, 720) of distance 425.26462349929835 away
2024-06-13 15:22:35,875 Moving to hill: (564, 754)
2024-06-13 15:22:35,989 Attacking (955, 688) of distance 389.8730562631893 away
2024-06-13 15:22:36,221 Attacking (939, 666) of distance 361.9640866163382 away
2024-06-13 15:22:36,333 Moving to hill: (620, 711)
2024-06-13 15:22:36,440 Attacking (917, 645) of distance 333.02402315748935 away
2024-06-13 15:22:36,642 Attacking (902, 613) of distance 298.9648808806814 away
2024-06-13 15:22:36,756 Moving to hill: (674, 664)
2024-06-13 15:22:36,859 Attacking (885, 575) of distance 260.2191384199095 away
2024-06-13 15:22:37,076 Attacking (865, 546) of distance 216.39316070523117 away
2024-06-13 15:22:37,189 Moving to hill: (719, 619)
2024-06-13 15:22:37,295 Attacking (672, 801) of distance 408.5976015592847 away
2024-06-13 15:22:37,578 Moving to hill: (792, 570)
2024-06-13 15:22:37,621 Attacking (705, 797) of distance 450.56852974880525 away
2024-06-13 15:22:37,852 Attacking (860, 706) of distance 371.46466857562643 away
2024-06-13 15:22:38,087 Moving to hill: (926, 693)
2024-06-13 15:22:38,131 Attacking (871, 704) of distance 348.9369570567153 away
2024-06-13 15:22:38,348 Attacking (860, 686) of distance 318.0267284364634 away
2024-06-13 15:22:38,564 Attacking (850, 655) of distance 287.16719868397223 away
2024-06-13 15:22:38,637 Moving to hill: (854, 530)
2024-06-13 15:22:38,764 Attacking (835, 643) of distance 271.6265819097976 away
2024-06-13 15:22:38,981 Attacking (641, 774) of distance 427.55233597771394 away
2024-06-13 15:22:39,149 Moving to hill: (848, 471)
2024-06-13 15:22:39,274 Attacking (643, 756) of distance 431.1531050566608 away
2024-06-13 15:22:39,491 Attacking (643, 740) of distance 429.4391691497178 away
2024-06-13 15:22:39,608 Moving to hill: (825, 490)
2024-06-13 15:22:39,707 Attacking (673, 739) of distance 434.65043425723155 away
2024-06-13 15:22:39,923 Attacking (673, 752) of distance 441.86536410992886 away
2024-06-13 15:22:40,036 Moving to hill: (867, 435)
2024-06-13 15:22:40,141 Attacking (650, 794) of distance 484.809240836022 away
2024-06-13 15:22:40,360 Attacking (904, 374) of distance 54.42425929675111 away
2024-06-13 15:22:40,472 Moving toward ally at (772, 649)
2024-06-13 15:22:40,735 Attacking (845, 429) of distance 109.55363982999377 away
2024-06-13 15:22:40,968 Attacking (772, 506) of distance 109.80892495603443 away
2024-06-13 15:22:41,101 Moving to hill: (760, 621)
2024-06-13 15:22:41,204 Attacking (773, 513) of distance 111.64676439557037 away
2024-06-13 15:22:41,403 Attacking (780, 484) of distance 96.20810776644554 away
2024-06-13 15:22:41,524 Moving to hill: (776, 548)
2024-06-13 15:22:41,607 Attacking (811, 392) of distance 77.05841939723393 away
2024-06-13 15:22:41,840 Attacking (765, 372) of distance 28.23118842698621 away
2024-06-13 15:22:42,060 Attacking (575, 811) of distance 345.36502428589955 away
2024-06-13 15:22:42,100 Moving to hill: (743, 510)
2024-06-13 15:22:42,415 Attacking (731, 655) of distance 247.1113109511582 away
2024-06-13 15:22:42,706 Moving toward ally at (796, 212)
2024-06-13 15:22:42,726 Attacking (774, 509) of distance 149.77316181479242 away
2024-06-13 15:22:43,005 Attacking (808, 468) of distance 112.94689017409908 away
2024-06-13 15:22:43,241 Attacking (842, 442) of distance 99.40824915468535 away
2024-06-13 15:22:43,350 Moving to hill: (805, 387)
2024-06-13 15:22:43,457 Attacking (849, 436) of distance 120.10828447696689 away
2024-06-13 15:22:43,657 Attacking (839, 438) of distance 116.84605256490268 away
2024-06-13 15:22:43,763 Moving to hill: (808, 387)
2024-06-13 15:22:43,858 Attacking (792, 419) of distance 54.405882034941776 away
2024-06-13 15:22:44,080 Attacking (744, 402) of distance 36.1386219991853 away
2024-06-13 15:22:44,201 Moving to hill: (719, 510)
2024-06-13 15:22:44,311 Attacking (759, 435) of distance 94.04786015641186 away
2024-06-13 15:22:44,526 Attacking (760, 461) of distance 94.0 away
2024-06-13 15:22:44,628 Moving to hill: (726, 576)
2024-06-13 15:22:44,729 Attacking (747, 445) of distance 84.48076704197234 away
2024-06-13 15:22:44,948 Attacking (734, 437) of distance 85.21150157109074 away
2024-06-13 15:22:45,047 Moving to hill: (695, 621)
2024-06-13 15:22:45,148 Attacking (760, 449) of distance 129.65338406690356 away
2024-06-13 15:22:45,367 Attacking (812, 434) of distance 150.02999700059985 away
2024-06-13 15:22:45,479 Moving to hill: (803, 546)
2024-06-13 15:22:45,583 Attacking (827, 421) of distance 150.7647173578752 away
2024-06-13 15:22:45,787 Attacking (809, 418) of distance 156.41611170208776 away
2024-06-13 15:22:45,887 Moving to hill: (781, 685)
2024-06-13 15:22:45,983 Attacking (797, 424) of distance 145.8800877433243 away
2024-06-13 15:22:46,204 Attacking (802, 434) of distance 141.66156853571826 away
2024-06-13 15:22:46,303 Moving to hill: (769, 687)
2024-06-13 15:22:46,406 Attacking (794, 462) of distance 116.37869220780925 away
2024-06-13 15:22:46,691 Moving to hill: (746, 718)
2024-06-13 15:22:47,081 Moving to hill: (883, 528)
2024-06-13 15:22:47,473 Moving to hill: (891, 407)
2024-06-13 15:22:47,877 Moving to hill: (868, 387)
2024-06-13 15:22:48,596 Moving to hill: (842, 387)
2024-06-13 15:22:48,998 Moving to hill: (869, 391)
2024-06-13 15:22:49,405 Moving to hill: (844, 387)
2024-06-13 15:22:49,818 Moving to arrows: 1 (183, 61)
2024-06-13 15:22:50,229 Moving to hill: (896, 408)
2024-06-13 15:22:50,621 Moving to hill: (977, 539)
2024-06-13 15:22:51,012 Moving toward ally at (140, 253)
2024-06-13 15:22:51,299 Attacking (1596, 498) of distance 654.988549518234 away
2024-06-13 15:22:51,455 Moving to hill: (923, 528)
2024-06-13 15:22:51,956 Attacking (1327, 470) of distance 649.0007704155673 away
2024-06-13 15:22:52,211 Moving to hill: (725, 519)
2024-06-13 15:22:52,238 Attacking (1282, 471) of distance 617.4665982869033 away
2024-06-13 15:22:52,473 Attacking (1245, 490) of distance 584.4082477172956 away
2024-06-13 15:22:52,693 Attacking (1205, 497) of distance 532.3579622772633 away
2024-06-13 15:22:52,806 Moving to hill: (715, 555)
2024-06-13 15:22:52,911 Attacking (1160, 486) of distance 480.30094732365455 away
2024-06-13 15:22:53,126 Attacking (1100, 465) of distance 428.26276980377366 away
2024-06-13 15:22:53,246 Moving to hill: (678, 526)
2024-06-13 15:22:53,357 Attacking (1057, 443) of distance 397.03526291753985 away
2024-06-13 15:22:53,589 Attacking (1017, 419) of distance 366.00683053735486 away
2024-06-13 15:22:53,700 Moving to hill: (674, 495)
2024-06-13 15:22:53,810 Attacking (981, 404) of distance 330.49205739321485 away
2024-06-13 15:22:54,027 Attacking (950, 402) of distance 287.3360402038004 away
2024-06-13 15:22:54,139 Moving to hill: (661, 480)
2024-06-13 15:22:54,243 Attacking (908, 431) of distance 231.32012450281968 away
2024-06-13 15:22:54,464 Attacking (865, 463) of distance 198.33809518093088 away
2024-06-13 15:22:54,573 Moving to hill: (626, 500)
2024-06-13 15:22:54,682 Attacking (852, 474) of distance 202.08908926510605 away
2024-06-13 15:22:54,900 Attacking (1193, 456) of distance 552.0326077325504 away
2024-06-13 15:22:55,102 Moving to hill: (632, 565)
2024-06-13 15:22:55,214 Attacking (1180, 456) of distance 547.0 away
2024-06-13 15:22:55,385 Detected game mode/map None SAHA
2024-06-13 15:22:55,415 Attacking (1177, 457) of distance 547.032905774415 away
2024-06-13 15:22:55,617 Attacking (1163, 453) of distance 521.5524901675766 away
2024-06-13 15:22:55,716 Moving to hill: (776, 599)
2024-06-13 15:22:55,818 Attacking (1130, 440) of distance 481.58176875791304 away
2024-06-13 15:22:56,037 Attacking (1102, 433) of distance 296.1958811327396 away
2024-06-13 15:22:56,153 Moving to hill: (702, 574)
2024-06-13 15:22:56,257 Attacking (1047, 429) of distance 373.9652390263031 away
2024-06-13 15:22:56,473 Attacking (997, 427) of distance 338.02366781040644 away
2024-06-13 15:22:56,581 Moving to hill: (668, 569)
2024-06-13 15:22:56,693 Attacking (973, 427) of distance 329.6209944769902 away
2024-06-13 15:22:56,893 Attacking (964, 427) of distance 328.5254936835192 away
2024-06-13 15:22:57,000 Moving to hill: (717, 572)
2024-06-13 15:22:57,110 Attacking (938, 437) of distance 299.6080773276982 away
2024-06-13 15:22:57,329 Attacking (921, 449) of distance 272.9706943977686 away
2024-06-13 15:22:57,437 Moving to hill: (764, 604)
2024-06-13 15:22:57,547 Attacking (876, 457) of distance 207.50903594783532 away
2024-06-13 15:22:57,848 Moving to hill: (705, 611)
2024-06-13 15:22:57,949 Attacking (825, 461) of distance 139.43457247038842 away
2024-06-13 15:22:58,243 Attacking (829, 447) of distance 134.5362404707371 away
2024-06-13 15:22:58,349 Moving to hill: (750, 442)
2024-06-13 15:22:58,459 Attacking (816, 471) of distance 133.40539719216758 away
2024-06-13 15:22:58,659 Attacking (1440, 414) of distance 744.2425679843905 away
2024-06-13 15:22:58,746 Moving to hill: (702, 430)
2024-06-13 15:22:58,768 Attacking (1405, 399) of distance 704.5565981523414 away
2024-06-13 15:22:58,877 Attacking (1382, 390) of distance 676.6217554882492 away
2024-06-13 15:22:59,175 Moving to hill: (651, 436)
2024-06-13 15:22:59,282 Attacking (1246, 417) of distance 547.252227039781 away
2024-06-13 15:22:59,546 Attacking (1175, 429) of distance 514.716426782748 away
2024-06-13 15:22:59,671 Moving to hill: (594, 471)
2024-06-13 15:22:59,779 Attacking (1149, 430) of distance 512.0703076726867 away
2024-06-13 15:22:59,980 Attacking (1138, 427) of distance 508.4643546995207 away
2024-06-13 15:23:00,083 Moving to hill: (632, 476)
2024-06-13 15:23:00,181 Attacking (1133, 426) of distance 506.6754385205583 away
2024-06-13 15:23:00,383 Attacking (1125, 425) of distance 483.65690318654606 away
2024-06-13 15:23:00,485 Moving to hill: (686, 483)
2024-06-13 15:23:00,587 Attacking (1101, 437) of distance 446.32387343721604 away
2024-06-13 15:23:00,787 Attacking (1074, 451) of distance 426.00117370730334 away
2024-06-13 15:23:00,916 Moving to hill: (703, 517)
2024-06-13 15:23:01,020 Attacking (1056, 463) of distance 413.3497308575391 away
2024-06-13 15:23:01,222 Attacking (1033, 471) of distance 373.1340241789805 away
2024-06-13 15:23:01,335 Moving to hill: (1015, 586)
2024-06-13 15:23:01,440 Attacking (999, 465) of distance 320.1265374816652 away
2024-06-13 15:23:01,643 Attacking (946, 464) of distance 259.09457732650446 away
2024-06-13 15:23:01,759 Moving to hill: (763, 582)
2024-06-13 15:23:01,860 Attacking (878, 474) of distance 188.1701357814252 away
2024-06-13 15:23:02,109 Attacking (811, 485) of distance 124.90396310766124 away
2024-06-13 15:23:02,230 Moving to hill: (691, 581)
2024-06-13 15:23:02,341 Attacking (774, 490) of distance 97.08243919473799 away
2024-06-13 15:23:02,559 Attacking (736, 463) of distance 56.302753041036986 away
2024-06-13 15:23:02,669 Moving to hill: (630, 443)
2024-06-13 15:23:03,083 Moving to hill: (795, 445)
2024-06-13 15:23:03,494 Moving to hill: (918, 459)
2024-06-13 15:23:03,881 Moving to hill: (956, 482)
2024-06-13 15:23:04,564 Moving toward ally at (713, 572)
2024-06-13 15:23:04,971 Moving to hill: (667, 614)
2024-06-13 15:23:05,388 Moving to hill: (706, 657)
2024-06-13 15:23:05,791 Moving to hill: (742, 679)
2024-06-13 15:23:06,079 Attacking (1598, 663) of distance 930.2607161435981 away
2024-06-13 15:23:06,187 Attacking (1588, 649) of distance 800.4998438475801 away
2024-06-13 15:23:06,194 Moving to hill: (743, 645)
2024-06-13 15:23:06,295 Attacking (1577, 637) of distance 889.3643797679329 away
2024-06-13 15:23:06,404 Attacking (1546, 613) of distance 751.9175486713951 away
2024-06-13 15:23:06,512 Attacking (1526, 602) of distance 840.4296520232971 away
2024-06-13 15:23:06,596 Moving to hill: (719, 611)
2024-06-13 15:23:06,621 Attacking (1506, 591) of distance 826.6994617150782 away
2024-06-13 15:23:06,729 Attacking (1475, 572) of distance 796.1413191136357 away
2024-06-13 15:23:06,838 Attacking (1452, 556) of distance 769.0 away
2024-06-13 15:23:06,949 Attacking (1412, 533) of distance 724.3341770205242 away
2024-06-13 15:23:07,004 Moving to hill: (704, 556)
2024-06-13 15:23:07,063 Attacking (1396, 526) of distance 705.5558092737951 away
2024-06-13 15:23:07,170 Attacking (1375, 516) of distance 681.0058736897943 away
2024-06-13 15:23:07,408 Moving to hill: (662, 506)
2024-06-13 15:23:07,495 Attacking (1243, 447) of distance 550.461624457146 away
2024-06-13 15:23:07,742 Attacking (1180, 429) of distance 516.4745879518179 away
2024-06-13 15:23:07,868 Moving to hill: (614, 471)
2024-06-13 15:23:07,977 Attacking (1145, 433) of distance 498.57797785301346 away
2024-06-13 15:23:08,209 Attacking (1133, 441) of distance 497.5791394341205 away
2024-06-13 15:23:08,306 Moving toward ally at (655, 415)
2024-06-13 15:23:08,413 Attacking (1125, 445) of distance 495.58147665141803 away
2024-06-13 15:23:08,611 Attacking (1120, 446) of distance 476.1512364784953 away
2024-06-13 15:23:08,703 Moving toward ally at (694, 415)
2024-06-13 15:23:08,814 Attacking (1103, 457) of distance 448.13502429513363 away
2024-06-13 15:23:09,031 Attacking (1076, 469) of distance 402.9739445671395 away
2024-06-13 15:23:09,132 Moving to hill: (700, 532)
2024-06-13 15:23:09,233 Attacking (1026, 483) of distance 348.1867315105502 away
2024-06-13 15:23:09,451 Attacking (990, 489) of distance 330.31046002208285 away
2024-06-13 15:23:09,574 Moving to hill: (669, 557)
2024-06-13 15:23:09,683 Attacking (960, 481) of distance 314.45985435346114 away
2024-06-13 15:23:09,903 Attacking (943, 468) of distance 301.5990716166083 away
2024-06-13 15:23:10,007 Moving to hill: (700, 545)
2024-06-13 15:23:10,119 Attacking (938, 475) of distance 302.0761493398643 away
2024-06-13 15:23:10,319 Attacking (1520, 536) of distance 864.6964785403026 away
2024-06-13 15:23:10,405 Moving to hill: (776, 623)
2024-06-13 15:23:10,427 Attacking (1508, 532) of distance 834.9395187676769 away
2024-06-13 15:23:10,539 Attacking (1496, 529) of distance 817.279633907514 away
2024-06-13 15:23:10,647 Attacking (1476, 523) of distance 791.2243676732916 away
2024-06-13 15:23:10,755 Attacking (1433, 511) of distance 746.5252842335617 away
2024-06-13 15:23:10,811 Moving to hill: (689, 533)
2024-06-13 15:23:10,864 Attacking (1408, 503) of distance 600.9625612298988 away
2024-06-13 15:23:11,238 Attacking (1271, 451) of distance 581.4473320946619 away
2024-06-13 15:23:11,445 Moving to hill: (626, 462)
2024-06-13 15:23:11,486 Attacking (1208, 420) of distance 567.3869931537029 away
2024-06-13 15:23:11,720 Attacking (1173, 401) of distance 525.9325051753315 away
2024-06-13 15:23:11,940 Attacking (1146, 397) of distance 505.5937104039171 away
2024-06-13 15:23:12,049 Moving to hill: (625, 508)
2024-06-13 15:23:12,157 Attacking (1130, 413) of distance 495.23529761114565 away
2024-06-13 15:23:12,372 Attacking (1119, 428) of distance 473.2409534264759 away
2024-06-13 15:23:12,473 Moving toward ally at (762, 443)
2024-06-13 15:23:12,576 Attacking (1086, 431) of distance 426.823148388182 away
2024-06-13 15:23:12,796 Attacking (1042, 422) of distance 361.7070637961056 away
2024-06-13 15:23:12,907 Moving toward ally at (718, 400)
2024-06-13 15:23:13,013 Attacking (974, 420) of distance 285.9597873827717 away
2024-06-13 15:23:13,231 Attacking (903, 425) of distance 212.24985276791125 away
2024-06-13 15:23:13,350 Moving to hill: (646, 584)
2024-06-13 15:23:13,449 Attacking (821, 448) of distance 126.58988901172164 away
2024-06-13 15:23:13,695 Attacking (754, 472) of distance 78.0 away
2024-06-13 15:23:13,814 Moving to hill: (546, 611)
2024-06-13 15:23:13,924 Attacking (716, 496) of distance 61.61168720299746 away
2024-06-13 15:23:14,143 Attacking (732, 542) of distance 46.95742752749558 away
2024-06-13 15:23:14,261 Moving to hill: (663, 644)
2024-06-13 15:23:14,363 Attacking (814, 561) of distance 42.15447781671599 away
2024-06-13 15:23:14,596 Attacking (893, 512) of distance 34.17601498127012 away
2024-06-13 15:23:14,732 Moving to hill: (800, 467)
2024-06-13 15:23:14,843 Attacking (1478, 340) of distance 696.3734630211004 away
2024-06-13 15:23:15,172 Moving toward ally at (704, 273)
2024-06-13 15:23:15,280 Attacking (1302, 343) of distance 641.038220389393 away
2024-06-13 15:23:15,561 Attacking (1256, 364) of distance 597.5658959478862 away
2024-06-13 15:23:15,683 Moving to hill: (663, 404)
2024-06-13 15:23:15,796 Attacking (1209, 376) of distance 547.032905774415 away
2024-06-13 15:23:16,012 Attacking (1166, 391) of distance 497.47462246832254 away
2024-06-13 15:23:16,123 Moving to hill: (636, 442)
2024-06-13 15:23:16,233 Attacking (1114, 405) of distance 436.8626786531438 away
2024-06-13 15:23:16,437 Attacking (1074, 415) of distance 405.47872940513173 away
2024-06-13 15:23:16,551 Moving to hill: (605, 473)
2024-06-13 15:23:16,652 Attacking (1037, 429) of distance 389.57540990160044 away
2024-06-13 15:23:16,870 Attacking (1022, 437) of distance 387.58353938215697 away
2024-06-13 15:23:16,982 Moving to hill: (629, 501)
2024-06-13 15:23:17,087 Attacking (1010, 445) of distance 381.2623768482802 away
2024-06-13 15:23:17,306 Attacking (1003, 444) of distance 372.3761539089204 away
2024-06-13 15:23:17,438 Moving to hill: (750, 578)
2024-06-13 15:23:17,552 Attacking (985, 443) of distance 343.8895171417704 away
2024-06-13 15:23:17,756 Attacking (971, 449) of distance 311.44823004794875 away
2024-06-13 15:23:17,866 Moving to hill: (752, 614)
2024-06-13 15:23:17,974 Attacking (929, 455) of distance 258.11818998280614 away
2024-06-13 15:23:18,191 Attacking (872, 458) of distance 195.143536915779 away
2024-06-13 15:23:18,316 Moving to hill: (740, 584)
2024-06-13 15:23:18,425 Attacking (827, 467) of distance 148.08105888330215 away
2024-06-13 15:23:18,674 Attacking (766, 481) of distance 89.44271909999159 away
2024-06-13 15:23:18,786 Moving to hill: (663, 566)
2024-06-13 15:23:18,891 Attacking (722, 505) of distance 46.04345773288535 away
2024-06-13 15:23:19,115 Attacking (733, 541) of distance 37.696153649941536 away
2024-06-13 15:23:19,228 Moving to hill: (733, 533)
2024-06-13 15:23:19,333 Attacking (828, 522) of distance 65.78753681359412 away
2024-06-13 15:23:19,682 Moving toward ally at (739, 329)
2024-06-13 15:23:20,121 Moving toward ally at (899, 335)
2024-06-13 15:23:20,528 Moving to hill: (891, 469)
2024-06-13 15:23:20,929 Moving to hill: (910, 522)
2024-06-13 15:23:21,319 Moving to hill: (945, 548)
2024-06-13 15:23:21,712 Moving to hill: (953, 538)
2024-06-13 15:23:22,117 Moving to hill: (925, 539)
2024-06-13 15:23:22,521 Moving to hill: (969, 565)
2024-06-13 15:23:22,939 Moving to hill: (1003, 556)
2024-06-13 15:23:23,328 Moving to hill: (966, 539)
2024-06-13 15:23:23,710 Moving to hill: (917, 532)
2024-06-13 15:23:24,262 Moving to hill: (925, 428)
2024-06-13 15:23:24,651 Moving toward ally at (918, 320)
2024-06-13 15:23:25,042 Moving toward ally at (987, 341)
2024-06-13 15:23:25,223 Attacking (1116, 317) of distance 268.5609800399157 away
2024-06-13 15:23:25,466 Moving to hill: (792, 387)
2024-06-13 15:23:25,579 Attacking (950, 384) of distance 182.01098867925532 away
2024-06-13 15:23:25,809 Detected game mode/map None SAHA
2024-06-13 15:23:25,840 Attacking (827, 449) of distance 108.85311203635844 away
2024-06-13 15:23:26,062 Moving to hill: (540, 522)
2024-06-13 15:23:26,087 Attacking (770, 463) of distance 116.40017182117903 away
2024-06-13 15:23:26,318 Attacking (766, 470) of distance 132.94359706281458 away
2024-06-13 15:23:26,504 Attacking (771, 467) of distance 140.071410359145 away
2024-06-13 15:23:26,604 Moving to hill: (607, 568)
2024-06-13 15:23:26,707 Attacking (779, 466) of distance 147.27185746095552 away
2024-06-13 15:23:26,908 Attacking (787, 448) of distance 165.7015389186232 away
2024-06-13 15:23:27,027 Moving to hill: (676, 568)
2024-06-13 15:23:27,113 Attacking (791, 436) of distance 174.45056606385663 away
2024-06-13 15:23:27,330 Attacking (797, 441) of distance 159.13830462839547 away
2024-06-13 15:23:27,429 Moving to hill: (706, 567)
2024-06-13 15:23:27,536 Attacking (798, 438) of distance 162.96318602678335 away
2024-06-13 15:23:27,738 Attacking (796, 437) of distance 160.64868502418562 away
2024-06-13 15:23:27,836 Moving to hill: (681, 606)
2024-06-13 15:23:27,940 Attacking (794, 441) of distance 148.07092894960846 away
2024-06-13 15:23:28,142 Attacking (801, 450) of distance 140.61649974309557 away
2024-06-13 15:23:28,244 Moving to hill: (738, 551)
2024-06-13 15:23:28,342 Attacking (1166, 505) of distance 461.1724189497893 away
2024-06-13 15:23:28,645 Moving to hill: (661, 604)
2024-06-13 15:23:28,670 Attacking (1071, 460) of distance 384.0963420809941 away
2024-06-13 15:23:28,902 Attacking (993, 447) of distance 307.1970051937356 away
2024-06-13 15:23:29,119 Attacking (937, 449) of distance 130.54118124178285 away
2024-06-13 15:23:29,233 Moving to hill: (663, 520)
2024-06-13 15:23:29,335 Attacking (902, 444) of distance 97.26767191621273 away
2024-06-13 15:23:29,553 Attacking (868, 467) of distance 60.03332407921454 away
2024-06-13 15:23:29,670 Moving to hill: (652, 520)
2024-06-13 15:23:29,768 Attacking (859, 474) of distance 51.24451190127582 away
2024-06-13 15:23:29,985 Attacking (1567, 556) of distance 763.9698946948105 away
2024-06-13 15:23:30,086 Moving to hill: (651, 520)
2024-06-13 15:23:30,094 Attacking (1554, 546) of distance 749.9633324369933 away
2024-06-13 15:23:30,202 Attacking (1542, 539) of distance 737.3303194634004 away
2024-06-13 15:23:30,310 Attacking (1533, 533) of distance 727.8193457170537 away
2024-06-13 15:23:30,419 Attacking (1515, 526) of distance 709.2940152010307 away
2024-06-13 15:23:30,491 Moving to hill: (650, 520)
2024-06-13 15:23:30,528 Attacking (1501, 521) of distance 694.9481995084237 away
2024-06-13 15:23:30,981 Attacking (1424, 498) of distance 616.6822520553028 away
2024-06-13 15:23:31,215 Attacking (1391, 495) of distance 583.579471880223 away
2024-06-13 15:23:31,321 Moving to hill: (650, 520)
2024-06-13 15:23:31,432 Attacking (660, 435) of distance 151.85519418182574 away
2024-06-13 15:23:31,839 Moving to hill: (650, 520)
2024-06-13 15:23:31,946 Attacking (1268, 492) of distance 460.5746410735181 away
2024-06-13 15:23:32,317 Moving to hill: (650, 520)
2024-06-13 15:23:32,427 Attacking (1187, 496) of distance 379.96052426535044 away
2024-06-13 15:23:32,677 Attacking (1144, 499) of distance 337.33662712489433 away
2024-06-13 15:23:32,791 Moving to hill: (650, 520)
2024-06-13 15:23:32,897 Attacking (1105, 502) of distance 298.82770955853476 away
2024-06-13 15:23:33,127 Attacking (1062, 504) of distance 256.40007800310826 away
2024-06-13 15:23:33,238 Moving to hill: (650, 520)
2024-06-13 15:23:33,349 Attacking (1024, 507) of distance 219.31712199461313 away
2024-06-13 15:23:33,565 Attacking (984, 512) of distance 181.1767093199344 away
2024-06-13 15:23:33,678 Moving to hill: (650, 520)
2024-06-13 15:23:34,082 Moving to hill: (650, 520)
2024-06-13 15:23:34,475 Moving to hill: (650, 520)
2024-06-13 15:23:34,878 Moving to hill: (650, 520)
2024-06-13 15:23:35,287 Moving to hill: (650, 520)
2024-06-13 15:23:35,692 Moving to hill: (650, 520)
2024-06-13 15:23:36,096 Moving to hill: (650, 520)
2024-06-13 15:23:36,482 Moving to hill: (650, 520)
2024-06-13 15:23:36,874 Moving to hill: (650, 520)
2024-06-13 15:23:37,273 Moving toward ally at (1172, 747)
2024-06-13 15:23:37,645 Moving toward ally at (1229, 686)
2024-06-13 15:23:38,021 Moving toward ally at (1304, 657)
2024-06-13 15:23:38,397 Moving toward ally at (1374, 651)
2024-06-13 15:23:38,792 Moving toward ally at (1451, 659)
2024-06-13 15:23:39,180 Moving toward ally at (1511, 652)
2024-06-13 15:23:39,566 Moving toward ally at (1584, 628)
2024-06-13 15:23:39,943 Moving toward ally at (865, 253)
2024-06-13 15:23:40,346 Moving toward ally at (829, 277)
2024-06-13 15:23:40,736 Moving toward ally at (826, 322)
2024-06-13 15:23:41,110 Moving toward ally at (858, 380)
2024-06-13 15:23:41,500 Moving toward ally at (908, 573)
2024-06-13 15:23:41,888 Moving toward ally at (956, 737)
2024-06-13 15:23:42,263 Moving toward ally at (958, 769)
2024-06-13 15:23:42,641 Moving toward ally at (998, 720)
2024-06-13 15:23:43,032 Moving toward ally at (983, 652)
2024-06-13 15:23:43,436 Moving toward ally at (999, 597)
2024-06-13 15:23:43,597 Attacking (1595, 559) of distance 720.4699854955791 away
2024-06-13 15:23:43,705 Attacking (1582, 558) of distance 728.8408605450163 away
2024-06-13 15:23:43,817 Attacking (1574, 563) of distance 741.6070388015476 away
2024-06-13 15:23:43,825 Moving to hill: (1565, 686)
2024-06-13 15:23:43,923 Attacking (1555, 568) of distance 752.5589677892358 away
2024-06-13 15:23:44,034 Attacking (1550, 574) of distance 757.3803535872844 away
2024-06-13 15:23:44,142 Attacking (1543, 581) of distance 722.2243418772314 away
2024-06-13 15:23:44,228 Moving to hill: (1552, 687)
2024-06-13 15:23:44,253 Attacking (1527, 592) of distance 693.0353526336156 away
2024-06-13 15:23:44,717 Attacking (1370, 511) of distance 626.0287533332635 away
2024-06-13 15:23:44,964 Attacking (1271, 474) of distance 552.0144925633746 away
2024-06-13 15:23:44,993 Moving toward ally at (935, 458)
2024-06-13 15:23:45,211 Attacking (1190, 466) of distance 477.0041928536897 away
2024-06-13 15:23:45,444 Attacking (1121, 469) of distance 413.0302652348857 away
2024-06-13 15:23:45,567 Moving toward ally at (872, 457)
2024-06-13 15:23:45,677 Attacking (1063, 485) of distance 356.74220383913087 away
2024-06-13 15:23:45,896 Attacking (1028, 510) of distance 329.13371143047624 away
2024-06-13 15:23:46,008 Moving to hill: (980, 624)
2024-06-13 15:23:46,114 Attacking (993, 504) of distance 298.11742652854093 away
2024-06-13 15:23:46,333 Attacking (1356, 424) of distance 656.1714714920179 away
2024-06-13 15:23:46,440 Moving to hill: (939, 525)
2024-06-13 15:23:46,658 Attacking (1268, 437) of distance 573.384687622542 away
2024-06-13 15:23:46,892 Attacking (1192, 451) of distance 498.25696181789573 away
2024-06-13 15:23:47,004 Moving to hill: (846, 553)
2024-06-13 15:23:47,112 Attacking (1115, 456) of distance 422.20018948361457 away
2024-06-13 15:23:47,340 Attacking (1039, 459) of distance 349.6312343026578 away
2024-06-13 15:23:47,457 Moving to hill: (776, 551)
2024-06-13 15:23:47,571 Attacking (971, 459) of distance 288.56368447883386 away
2024-06-13 15:23:47,804 Attacking (901, 448) of distance 223.2218627285419 away
2024-06-13 15:23:47,933 Moving to hill: (721, 522)
2024-06-13 15:23:48,038 Attacking (850, 441) of distance 178.63930138690085 away
2024-06-13 15:23:48,257 Attacking (867, 433) of distance 200.8033864256278 away
2024-06-13 15:23:48,368 Moving to hill: (735, 604)
2024-06-13 15:23:48,476 Attacking (713, 488) of distance 60.4400529450463 away
2024-06-13 15:23:48,740 Attacking (761, 510) of distance 71.84705978674423 away
2024-06-13 15:23:48,857 Moving to hill: (718, 522)
2024-06-13 15:23:48,958 Attacking (842, 458) of distance 123.54756169184401 away
2024-06-13 15:23:49,208 Attacking (871, 452) of distance 104.5609869884557 away
2024-06-13 15:23:49,320 Moving to hill: (818, 484)
2024-06-13 15:23:49,428 Attacking (872, 457) of distance 114.16216536138407 away
2024-06-13 15:23:49,628 Attacking (787, 464) of distance 95.70788891204319 away
2024-06-13 15:23:49,769 Moving to hill: (730, 657)
2024-06-13 15:23:49,877 Attacking (699, 453) of distance 75.96051605933178 away
2024-06-13 15:23:50,110 Attacking (728, 486) of distance 59.80802621722271 away
2024-06-13 15:23:50,227 Moving to hill: (696, 657)
2024-06-13 15:23:50,328 Attacking (837, 615) of distance 69.83552104767314 away
2024-06-13 15:23:50,608 Attacking (873, 435) of distance 46.04345773288535 away
2024-06-13 15:23:50,658 Moving to hill: (803, 552)
2024-06-13 15:23:50,873 Attacking (809, 365) of distance 60.8276253029822 away
2024-06-13 15:23:51,103 Attacking (754, 429) of distance 57.384666941614284 away
2024-06-13 15:23:51,227 Moving to hill: (752, 583)
2024-06-13 15:23:51,333 Attacking (727, 509) of distance 90.33825324855468 away
2024-06-13 15:23:51,565 Attacking (737, 513) of distance 83.52843827104634 away
2024-06-13 15:23:51,665 Moving to hill: (754, 559)
2024-06-13 15:23:51,765 Attacking (744, 518) of distance 80.60397012554654 away
2024-06-13 15:23:51,967 Attacking (734, 547) of distance 107.5174404457249 away
2024-06-13 15:23:52,077 Moving to hill: (754, 567)
2024-06-13 15:23:52,180 Attacking (744, 550) of distance 103.23274674249444 away
2024-06-13 15:23:52,382 Attacking (524, 953) of distance 561.1702059090451 away
2024-06-13 15:23:52,521 Moving to hill: (754, 568)
2024-06-13 15:23:53,029 Moving to hill: (754, 568)
2024-06-13 15:23:53,429 Moving to hill: (754, 568)
2024-06-13 15:23:53,627 Attacking (492, 1010) of distance 626.52773282593 away
2024-06-13 15:23:53,819 Moving to hill: (754, 568)
2024-06-13 15:23:53,878 Attacking (503, 977) of distance 592.5276364862656 away
2024-06-13 15:23:54,095 Attacking (524, 954) of distance 562.0329171854617 away
2024-06-13 15:23:54,300 Attacking (722, 552) of distance 119.5198728245642 away
2024-06-13 15:23:54,348 Moving to hill: (754, 568)
2024-06-13 15:23:54,658 Attacking (743, 553) of distance 106.21205204683696 away
2024-06-13 15:23:54,875 Attacking (764, 540) of distance 83.52843827104634 away
2024-06-13 15:23:54,975 Moving to hill: (764, 655)
2024-06-13 15:23:55,077 Attacking (783, 545) of distance 80.00624975587846 away
2024-06-13 15:23:55,280 Attacking (783, 545) of distance 80.00624975587846 away
2024-06-13 15:23:55,378 Moving to hill: (772, 660)
2024-06-13 15:23:55,479 Attacking (784, 544) of distance 78.74642849044012 away
2024-06-13 15:23:55,680 Attacking (788, 537) of distance 70.88018058667741 away
2024-06-13 15:23:55,786 Moving to hill: (712, 671)
2024-06-13 15:23:55,883 Attacking (786, 536) of distance 70.51950084905593 away
2024-06-13 15:23:56,095 Attacking (781, 535) of distance 71.30918594402829 away
2024-06-13 15:23:56,183 Detected game mode/map None SAHA
2024-06-13 15:23:56,298 Attacking (769, 526) of distance 69.06518659932803 away
2024-06-13 15:23:56,396 Moving to hill: (721, 641)
2024-06-13 15:23:56,500 Attacking (753, 539) of distance 89.02246907382427 away
2024-06-13 15:23:56,718 Attacking (749, 513) of distance 73.60027173862879 away
2024-06-13 15:23:56,821 Moving to hill: (731, 677)
2024-06-13 15:23:56,919 Attacking (718, 512) of distance 99.74467404327912 away
2024-06-13 15:23:57,139 Attacking (871, 595) of distance 140.87228258248675 away
2024-06-13 15:23:57,300 Moving to hill: (683, 675)
2024-06-13 15:23:57,406 Attacking (885, 591) of distance 144.26711336961034 away
2024-06-13 15:23:57,622 Attacking (851, 568) of distance 107.9351657246145 away
2024-06-13 15:23:57,737 Moving to hill: (754, 568)
2024-06-13 15:23:57,841 Attacking (819, 553) of distance 84.71717653463199 away
2024-06-13 15:23:58,060 Attacking (807, 529) of distance 60.00833275471 away
2024-06-13 15:23:58,169 Moving to hill: (792, 644)
2024-06-13 15:23:58,278 Attacking (821, 528) of distance 60.415229867972855 away
2024-06-13 15:23:58,480 Attacking (818, 536) of distance 67.7421582177598 away
2024-06-13 15:23:58,574 Moving toward ally at (754, 484)
2024-06-13 15:23:58,682 Attacking (798, 548) of distance 79.63039620647382 away
2024-06-13 15:23:58,884 Attacking (816, 523) of distance 54.589376255824725 away
2024-06-13 15:23:58,990 Moving to hill: (692, 629)
2024-06-13 15:23:59,101 Attacking (810, 506) of distance 37.0540146272978 away
2024-06-13 15:23:59,411 Moving to arrows: 2 (1583, 760)
2024-06-13 15:23:59,809 Moving to arrows: 2 (1584, 647)
2024-06-13 15:24:00,192 Moving toward ally at (1566, 601)
2024-06-13 15:24:00,610 Moving toward ally at (1515, 573)
2024-06-13 15:24:01,035 Moving toward ally at (1309, 567)
2024-06-13 15:24:01,368 Detected game mode/map None SAHA
2024-06-13 15:24:01,428 Moving to hill: (1595, 642)
2024-06-13 15:24:01,830 Moving toward ally at (1581, 599)
2024-06-13 15:24:02,203 Moving toward ally at (1075, 616)
2024-06-13 15:24:02,576 Moving toward ally at (1098, 581)
2024-06-13 15:24:02,966 Moving to hill: (1561, 622)
2024-06-13 15:24:03,067 Attacking (1598, 632) of distance 914.8928899056982 away
2024-06-13 15:24:03,177 Attacking (1589, 608) of distance 901.9007705950805 away
2024-06-13 15:24:03,286 Attacking (1581, 589) of distance 899.8010891302589 away
2024-06-13 15:24:03,353 Moving to hill: (1479, 569)
2024-06-13 15:24:03,397 Attacking (1576, 586) of distance 897.5176878479889 away
2024-06-13 15:24:03,504 Attacking (1561, 572) of distance 885.8634206241952 away
2024-06-13 15:24:03,612 Attacking (1545, 537) of distance 864.2893034163965 away
2024-06-13 15:24:03,720 Attacking (1537, 521) of distance 850.6426981994261 away
2024-06-13 15:24:03,744 Moving to hill: (1431, 530)
2024-06-13 15:24:03,829 Attacking (1518, 504) of distance 826.4538704610197 away
2024-06-13 15:24:03,940 Attacking (1490, 492) of distance 794.8157019083103 away
2024-06-13 15:24:04,048 Attacking (1478, 485) of distance 777.7878888231676 away
2024-06-13 15:24:04,149 Moving to hill: (1393, 621)
2024-06-13 15:24:04,159 Attacking (1462, 478) of distance 756.8097515227985 away
2024-06-13 15:24:04,267 Attacking (1442, 472) of distance 732.8847112609186 away
2024-06-13 15:24:04,375 Attacking (1418, 468) of distance 705.1354479814498 away
2024-06-13 15:24:04,484 Attacking (1369, 463) of distance 654.0473988939946 away
2024-06-13 15:24:04,662 Moving to hill: (1305, 572)
2024-06-13 15:24:04,762 Attacking (1292, 462) of distance 578.7270513808733 away
2024-06-13 15:24:05,218 Moving to hill: (1121, 589)
2024-06-13 15:24:05,275 Attacking (1161, 483) of distance 455.6862956025779 away
2024-06-13 15:24:05,822 Moving to hill: (1008, 509)
2024-06-13 15:24:06,230 Moving toward ally at (979, 479)
2024-06-13 15:24:06,771 Moving toward ally at (906, 420)
2024-06-13 15:24:07,175 Moving to hill: (833, 492)
2024-06-13 15:24:07,579 Moving toward ally at (801, 405)
2024-06-13 15:24:07,973 Moving to hill: (744, 470)
2024-06-13 15:24:08,379 Moving toward ally at (688, 371)
2024-06-13 15:24:08,787 Moving toward ally at (632, 362)
2024-06-13 15:24:09,201 Moving toward ally at (605, 375)
2024-06-13 15:24:09,600 Moving toward ally at (765, 462)
2024-06-13 15:24:10,003 Moving toward ally at (818, 461)
2024-06-13 15:24:10,312 Attacking (1600, 564) of distance 919.0005440694797 away
2024-06-13 15:24:10,408 Moving to hill: (674, 507)
2024-06-13 15:24:10,417 Attacking (1582, 544) of distance 894.0693485407047 away
2024-06-13 15:24:10,526 Attacking (1569, 535) of distance 878.3723583993294 away
2024-06-13 15:24:10,635 Attacking (1526, 515) of distance 835.5555038416059 away
2024-06-13 15:24:10,742 Attacking (1497, 505) of distance 817.7848127716728 away
2024-06-13 15:24:10,812 Moving to hill: (632, 496)
2024-06-13 15:24:10,852 Attacking (1488, 502) of distance 813.191244419171 away
2024-06-13 15:24:10,958 Attacking (1474, 497) of distance 806.3572409298499 away
2024-06-13 15:24:11,069 Attacking (1466, 493) of distance 809.0747802273903 away
2024-06-13 15:24:11,178 Attacking (1449, 482) of distance 798.0156640066659 away
2024-06-13 15:24:11,216 Moving to hill: (629, 484)
2024-06-13 15:24:11,289 Attacking (1440, 475) of distance 796.2034915773731 away
2024-06-13 15:24:11,398 Attacking (1423, 459) of distance 615.0812954398792 away
2024-06-13 15:24:11,705 Moving to hill: (649, 472)
2024-06-13 15:24:11,815 Attacking (1413, 439) of distance 772.4376997531905 away
2024-06-13 15:24:11,921 Attacking (1424, 438) of distance 779.1444025339591 away
2024-06-13 15:24:12,030 Attacking (1434, 439) of distance 785.1076359328064 away
2024-06-13 15:24:12,130 Moving to hill: (700, 473)
2024-06-13 15:24:12,138 Attacking (1429, 444) of distance 621.5030168872876 away
2024-06-13 15:24:12,342 Attacking (1416, 458) of distance 775.064513443881 away
2024-06-13 15:24:12,451 Attacking (1421, 464) of distance 773.1267683892468 away
2024-06-13 15:24:12,559 Attacking (1410, 467) of distance 775.064513443881 away
2024-06-13 15:24:12,629 Moving toward ally at (782, 430)
2024-06-13 15:24:12,669 Attacking (976, 454) of distance 344.0712135590538 away
2024-06-13 15:24:13,027 Attacking (992, 466) of distance 363.001377407855 away
2024-06-13 15:24:13,226 Attacking (989, 468) of distance 322.001552791287 away
2024-06-13 15:24:13,317 Moving to hill: (825, 484)
2024-06-13 15:24:13,429 Attacking (950, 458) of distance 267.0917445373406 away
2024-06-13 15:24:13,648 Attacking (895, 451) of distance 206.3492185592182 away
2024-06-13 15:24:13,762 Moving to hill: (764, 621)
2024-06-13 15:24:13,867 Attacking (840, 451) of distance 149.75313018431365 away
2024-06-13 15:24:14,084 Attacking (794, 438) of distance 115.83177456984764 away
2024-06-13 15:24:14,195 Moving to hill: (664, 591)
2024-06-13 15:24:14,302 Attacking (758, 431) of distance 121.84005909387929 away
2024-06-13 15:24:14,535 Attacking (1064, 525) of distance 262.0534296665472 away
2024-06-13 15:24:14,612 Moving to hill: (771, 681)
2024-06-13 15:24:14,862 Attacking (994, 506) of distance 326.88224179358537 away
2024-06-13 15:24:15,098 Attacking (936, 467) of distance 275.4650613054222 away
2024-06-13 15:24:15,215 Moving to hill: (697, 622)
2024-06-13 15:24:15,319 Attacking (906, 449) of distance 249.06424873915566 away
2024-06-13 15:24:15,535 Attacking (873, 429) of distance 218.8880992653552 away
2024-06-13 15:24:15,654 Moving to hill: (687, 590)
2024-06-13 15:24:15,754 Attacking (844, 458) of distance 186.81809334215998 away
2024-06-13 15:24:15,971 Attacking (839, 460) of distance 167.35889578985638 away
2024-06-13 15:24:16,070 Moving to hill: (707, 609)
2024-06-13 15:24:16,173 Attacking (816, 455) of distance 138.92443989449805 away
2024-06-13 15:24:16,373 Attacking (785, 444) of distance 130.81666560496026 away
2024-06-13 15:24:16,477 Moving to hill: (658, 615)
2024-06-13 15:24:16,588 Attacking (787, 452) of distance 141.3258645825314 away
2024-06-13 15:24:16,803 Attacking (806, 454) of distance 171.23375835389467 away
2024-06-13 15:24:16,912 Moving to hill: (794, 564)
2024-06-13 15:24:17,011 Attacking (810, 449) of distance 187.24315741836872 away
2024-06-13 15:24:17,212 Attacking (811, 406) of distance 200.8083663595718 away
2024-06-13 15:24:17,318 Moving to hill: (792, 519)
2024-06-13 15:24:17,415 Attacking (817, 414) of distance 173.0028901492689 away
2024-06-13 15:24:17,617 Attacking (785, 431) of distance 148.0067566025281 away
2024-06-13 15:24:17,720 Moving to hill: (739, 483)
2024-06-13 15:24:17,819 Attacking (783, 444) of distance 131.06105447462264 away
2024-06-13 15:24:18,039 Attacking (851, 456) of distance 101.04454463255303 away
2024-06-13 15:24:18,166 Moving to hill: (792, 538)
2024-06-13 15:24:18,269 Attacking (821, 465) of distance 101.71037311896953 away
2024-06-13 15:24:18,472 Attacking (773, 457) of distance 120.50311199301036 away
2024-06-13 15:24:18,583 Moving to hill: (721, 566)
2024-06-13 15:24:18,688 Attacking (750, 436) of distance 144.81022063376605 away
2024-06-13 15:24:18,905 Attacking (778, 422) of distance 173.9540169125163 away
2024-06-13 15:24:19,022 Moving to hill: (758, 701)
2024-06-13 15:24:19,121 Attacking (825, 407) of distance 201.69283576765935 away
2024-06-13 15:24:19,354 Attacking (858, 386) of distance 228.66788143506295 away
2024-06-13 15:24:19,458 Moving to hill: (769, 708)
2024-06-13 15:24:19,557 Attacking (876, 360) of distance 255.56603843233944 away
2024-06-13 15:24:19,774 Attacking (879, 337) of distance 284.31320757221255 away
2024-06-13 15:24:19,890 Moving to hill: (805, 595)
2024-06-13 15:24:19,991 Attacking (879, 322) of distance 304.2170277943034 away
2024-06-13 15:24:20,208 Attacking (883, 268) of distance 352.33081046085084 away
2024-06-13 15:24:20,325 Moving to hill: (766, 565)
2024-06-13 15:24:20,425 Attacking (1104, 535) of distance 306.7507131206055 away
2024-06-13 15:24:20,727 Moving to hill: (698, 550)
2024-06-13 15:24:20,766 Attacking (1023, 520) of distance 331.66549413528077 away
2024-06-13 15:24:20,997 Attacking (893, 443) of distance 227.37853900489378 away
2024-06-13 15:24:21,249 Attacking (849, 437) of distance 197.16236963477593 away
2024-06-13 15:24:21,340 Moving to hill: (645, 560)
2024-06-13 15:24:21,466 Attacking (829, 454) of distance 179.00279327429504 away
2024-06-13 15:24:21,683 Attacking (807, 472) of distance 156.1793840428371 away
2024-06-13 15:24:21,797 Moving to hill: (640, 561)
2024-06-13 15:24:21,900 Attacking (785, 473) of distance 140.24621207005913 away
2024-06-13 15:24:22,118 Attacking (775, 472) of distance 116.73045875006231 away
2024-06-13 15:24:22,219 Moving to hill: (651, 536)
2024-06-13 15:24:22,322 Attacking (776, 451) of distance 101.24228365658294 away
2024-06-13 15:24:22,539 Attacking (779, 426) of distance 95.1892851112981 away
2024-06-13 15:24:22,642 Moving to hill: (663, 535)
2024-06-13 15:24:22,739 Attacking (788, 418) of distance 115.12167476196652 away
2024-06-13 15:24:22,940 Attacking (782, 459) of distance 106.89246933250256 away
2024-06-13 15:24:23,057 Moving to hill: (784, 584)
2024-06-13 15:24:23,158 Attacking (770, 478) of distance 90.90654541890811 away
2024-06-13 15:24:23,374 Attacking (783, 476) of distance 115.3819743287486 away
2024-06-13 15:24:23,480 Moving to hill: (736, 551)
2024-06-13 15:24:23,577 Attacking (813, 498) of distance 109.12378292562992 away
2024-06-13 15:24:23,812 Attacking (799, 500) of distance 87.92041856133307 away
2024-06-13 15:24:23,904 Moving to hill: (780, 618)
2024-06-13 15:24:24,015 Attacking (755, 488) of distance 56.302753041036986 away
2024-06-13 15:24:24,234 Attacking (715, 468) of distance 93.00537618869136 away
2024-06-13 15:24:24,364 Moving to arrows: 1 (670, 95)
2024-06-13 15:24:24,467 Attacking (702, 453) of distance 107.20074626605917 away
2024-06-13 15:24:24,685 Attacking (702, 481) of distance 106.6770828247567 away
2024-06-13 15:24:24,800 Moving to hill: (683, 540)
2024-06-13 15:24:24,902 Attacking (735, 496) of distance 77.83315488916018 away
2024-06-13 15:24:25,118 Attacking (754, 522) of distance 75.66372975210778 away
2024-06-13 15:24:25,235 Moving to hill: (682, 539)
2024-06-13 15:24:25,335 Attacking (752, 523) of distance 77.79460135510689 away
2024-06-13 15:24:25,538 Attacking (725, 502) of distance 89.31965069345043 away
2024-06-13 15:24:25,653 Moving to hill: (682, 539)
2024-06-13 15:24:25,757 Attacking (691, 496) of distance 120.07497657713702 away
2024-06-13 15:24:25,973 Attacking (655, 495) of distance 155.1934276958918 away
2024-06-13 15:24:26,094 Moving to hill: (682, 539)
2024-06-13 15:24:26,191 Attacking (640, 497) of distance 170.31735084835012 away
2024-06-13 15:24:26,425 Attacking (657, 498) of distance 153.75955254877664 away
2024-06-13 15:24:26,524 Moving to hill: (682, 539)
2024-06-13 15:24:26,625 Attacking (658, 482) of distance 150.56227947264878 away
2024-06-13 15:24:26,844 Attacking (702, 394) of distance 129.84991336154212 away
2024-06-13 15:24:26,977 Moving to hill: (682, 539)
2024-06-13 15:24:27,091 Attacking (711, 425) of distance 106.51291001564083 away
2024-06-13 15:24:27,309 Attacking (737, 445) of distance 74.94664769020693 away
2024-06-13 15:24:27,421 Moving to hill: (681, 539)
2024-06-13 15:24:27,528 Attacking (706, 435) of distance 107.5174404457249 away
2024-06-13 15:24:27,745 Attacking (697, 484) of distance 112.00892821556683 away
2024-06-13 15:24:27,860 Moving to hill: (682, 539)
2024-06-13 15:24:27,964 Attacking (726, 482) of distance 83.02409288875127 away
2024-06-13 15:24:28,183 Attacking (742, 475) of distance 66.27216610312357 away
2024-06-13 15:24:28,288 Moving to hill: (682, 539)
2024-06-13 15:24:28,387 Attacking (690, 459) of distance 118.4229707446997 away
2024-06-13 15:24:28,621 Attacking (720, 484) of distance 89.26925562588724 away
2024-06-13 15:24:28,725 Moving to hill: (682, 539)
2024-06-13 15:24:28,827 Attacking (707, 480) of distance 101.59724405711013 away
2024-06-13 15:24:29,025 Attacking (681, 452) of distance 128.13274366843163 away
2024-06-13 15:24:29,165 Moving to hill: (682, 539)
2024-06-13 15:24:29,261 Attacking (1054, 458) of distance 246.24581214713072 away
2024-06-13 15:24:29,606 Attacking (700, 432) of distance 114.16216536138407 away
2024-06-13 15:24:29,825 Moving to hill: (682, 539)
2024-06-13 15:24:29,931 Attacking (699, 420) of distance 119.50732195141852 away
2024-06-13 15:24:30,135 Attacking (687, 436) of distance 125.41929676090517 away
2024-06-13 15:24:30,234 Moving to hill: (682, 539)
2024-06-13 15:24:30,554 Attacking (670, 439) of distance 141.22322755127783 away
2024-06-13 15:24:30,650 Moving to hill: (680, 539)
2024-06-13 15:24:30,755 Attacking (663, 447) of distance 146.6594695203825 away
2024-06-13 15:24:30,957 Attacking (670, 463) of distance 138.13037319865606 away
2024-06-13 15:24:31,069 Moving to hill: (657, 590)
2024-06-13 15:24:31,175 Attacking (679, 474) of distance 129.0968628588627 away
2024-06-13 15:24:31,391 Attacking (692, 465) of distance 116.06894502837527 away
2024-06-13 15:24:31,491 Moving to hill: (690, 648)
2024-06-13 15:24:31,593 Attacking (683, 473) of distance 125.06398362438323 away
2024-06-13 15:24:31,740 Detected game mode/map None SAHA
2024-06-13 15:24:31,794 Attacking (671, 476) of distance 137.17871555019025 away
2024-06-13 15:24:32,045 Moving toward ally at (146, 147)
2024-06-13 15:24:32,372 Attacking (24, 125) of distance 932.240312365862 away
2024-06-13 15:24:32,441 Moving toward ally at (144, 133)
2024-06-13 15:24:32,481 Attacking (31, 124) of distance 920.8658968601237 away
2024-06-13 15:24:32,588 Attacking (43, 127) of distance 898.9471619622591 away
2024-06-13 15:24:32,697 Attacking (45, 129) of distance 892.121068017116 away
2024-06-13 15:24:32,805 Attacking (34, 137) of distance 894.3629017350844 away
2024-06-13 15:24:32,826 Moving toward ally at (118, 124)
2024-06-13 15:24:32,913 Attacking (33, 142) of distance 891.266514573503 away
2024-06-13 15:24:33,022 Attacking (61, 150) of distance 858.2103471760288 away
2024-06-13 15:24:33,131 Attacking (63, 157) of distance 853.0211017319559 away
2024-06-13 15:24:33,217 Moving toward ally at (100, 121)
2024-06-13 15:24:33,240 Attacking (64, 164) of distance 847.9062448171968 away
2024-06-13 15:24:33,348 Attacking (74, 176) of distance 834.1612553937039 away
2024-06-13 15:24:33,460 Attacking (81, 184) of distance 824.3421619691669 away
2024-06-13 15:24:33,567 Attacking (86, 191) of distance 816.7496556473103 away
2024-06-13 15:24:33,621 Moving toward ally at (108, 124)
2024-06-13 15:24:33,679 Attacking (109, 247) of distance 783.9317572340083 away
2024-06-13 15:24:33,787 Attacking (112, 258) of distance 779.2432226205115 away
2024-06-13 15:24:33,898 Attacking (117, 284) of distance 777.026383078464 away
2024-06-13 15:24:34,006 Attacking (116, 298) of distance 784.5336194198437 away
2024-06-13 15:24:34,028 Moving toward ally at (122, 153)
2024-06-13 15:24:34,115 Attacking (123, 225) of distance 789.6258607720494 away
2024-06-13 15:24:34,223 Attacking (124, 227) of distance 791.2578593606512 away
2024-06-13 15:24:34,746 Moving to hill: (21, 387)
2024-06-13 15:24:36,933 Detected game mode/map None SAHA
2024-06-13 15:24:37,144 Moving to hill: (809, 538)
